<?xml version="1.0" ?>
<coverage version="7.14.1" timestamp="1780518105519" lines-valid="21125" lines-covered="7763" line-rate="0.3675" branches-covered="0" branches-valid="0" branch-rate="0" complexity="0">
	<!-- Generated by coverage.py: https://coverage.readthedocs.io/en/7.14.1 -->
	<!-- Based on https://raw.githubusercontent.com/cobertura/web/master/htdocs/xml/coverage-04.dtd -->
	<sources>
		<source></source>
		<source>/root/WELL</source>
	</sources>
	<packages>
		<package name="." line-rate="0.5477" branch-rate="0" complexity="0">
			<classes>
				<class name="__init__.py" filename="__init__.py" complexity="0" line-rate="1" branch-rate="0">
					<methods/>
					<lines/>
				</class>
				<class name="organ_governance.py" filename="organ_governance.py" complexity="0" line-rate="0.3171" branch-rate="0">
					<methods/>
					<lines>
						<line number="8" hits="1"/>
						<line number="9" hits="1"/>
						<line number="10" hits="1"/>
						<line number="12" hits="1"/>
						<line number="17" hits="1"/>
						<line number="43" hits="1"/>
						<line number="45" hits="0"/>
						<line number="47" hits="0"/>
						<line number="54" hits="0"/>
						<line number="68" hits="0"/>
						<line number="69" hits="0"/>
						<line number="70" hits="0"/>
						<line number="75" hits="0"/>
						<line number="77" hits="0"/>
						<line number="78" hits="0"/>
						<line number="80" hits="0"/>
						<line number="81" hits="0"/>
						<line number="82" hits="0"/>
						<line number="84" hits="0"/>
						<line number="85" hits="0"/>
						<line number="87" hits="0"/>
						<line number="88" hits="0"/>
						<line number="91" hits="1"/>
						<line number="101" hits="1"/>
						<line number="104" hits="1"/>
						<line number="105" hits="1"/>
						<line number="106" hits="1"/>
						<line number="107" hits="1"/>
						<line number="108" hits="1"/>
						<line number="110" hits="0"/>
						<line number="111" hits="0"/>
						<line number="113" hits="0"/>
						<line number="114" hits="0"/>
						<line number="115" hits="0"/>
						<line number="117" hits="0"/>
						<line number="118" hits="0"/>
						<line number="119" hits="0"/>
						<line number="120" hits="0"/>
						<line number="133" hits="0"/>
						<line number="135" hits="0"/>
						<line number="136" hits="0"/>
					</lines>
				</class>
				<class name="server.py" filename="server.py" complexity="0" line-rate="0.499" branch-rate="0">
					<methods/>
					<lines>
						<line number="9" hits="1"/>
						<line number="11" hits="1"/>
						<line number="12" hits="1"/>
						<line number="14" hits="1"/>
						<line number="15" hits="0"/>
						<line number="16" hits="0"/>
						<line number="18" hits="1"/>
						<line number="19" hits="1"/>
						<line number="20" hits="1"/>
						<line number="21" hits="1"/>
						<line number="22" hits="1"/>
						<line number="24" hits="1"/>
						<line number="27" hits="1"/>
						<line number="30" hits="1"/>
						<line number="31" hits="1"/>
						<line number="32" hits="0"/>
						<line number="33" hits="0"/>
						<line number="35" hits="0"/>
						<line number="36" hits="0"/>
						<line number="41" hits="1"/>
						<line number="42" hits="1"/>
						<line number="43" hits="1"/>
						<line number="44" hits="0"/>
						<line number="45" hits="0"/>
						<line number="46" hits="0"/>
						<line number="49" hits="1"/>
						<line number="51" hits="1"/>
						<line number="52" hits="1"/>
						<line number="53" hits="1"/>
						<line number="59" hits="1"/>
						<line number="67" hits="1"/>
						<line number="74" hits="1"/>
						<line number="75" hits="1"/>
						<line number="81" hits="1"/>
						<line number="90" hits="1"/>
						<line number="103" hits="1"/>
						<line number="121" hits="1"/>
						<line number="129" hits="1"/>
						<line number="132" hits="1"/>
						<line number="183" hits="1"/>
						<line number="196" hits="1"/>
						<line number="203" hits="1"/>
						<line number="204" hits="1"/>
						<line number="206" hits="1"/>
						<line number="207" hits="1"/>
						<line number="208" hits="1"/>
						<line number="209" hits="1"/>
						<line number="210" hits="1"/>
						<line number="211" hits="1"/>
						<line number="215" hits="1"/>
						<line number="219" hits="1"/>
						<line number="231" hits="0"/>
						<line number="232" hits="0"/>
						<line number="234" hits="0"/>
						<line number="235" hits="0"/>
						<line number="236" hits="0"/>
						<line number="237" hits="0"/>
						<line number="239" hits="0"/>
						<line number="240" hits="0"/>
						<line number="241" hits="0"/>
						<line number="242" hits="0"/>
						<line number="243" hits="0"/>
						<line number="244" hits="0"/>
						<line number="245" hits="0"/>
						<line number="246" hits="0"/>
						<line number="247" hits="0"/>
						<line number="248" hits="0"/>
						<line number="249" hits="0"/>
						<line number="250" hits="0"/>
						<line number="258" hits="0"/>
						<line number="261" hits="0"/>
						<line number="262" hits="0"/>
						<line number="263" hits="0"/>
						<line number="264" hits="0"/>
						<line number="265" hits="0"/>
						<line number="266" hits="0"/>
						<line number="267" hits="0"/>
						<line number="268" hits="0"/>
						<line number="269" hits="0"/>
						<line number="270" hits="0"/>
						<line number="272" hits="0"/>
						<line number="274" hits="0"/>
						<line number="298" hits="1"/>
						<line number="326" hits="1"/>
						<line number="334" hits="1"/>
						<line number="340" hits="1"/>
						<line number="355" hits="1"/>
						<line number="356" hits="1"/>
						<line number="361" hits="1"/>
						<line number="374" hits="1"/>
						<line number="380" hits="1"/>
						<line number="381" hits="0"/>
						<line number="382" hits="1"/>
						<line number="386" hits="1"/>
						<line number="387" hits="1"/>
						<line number="388" hits="1"/>
						<line number="389" hits="1"/>
						<line number="390" hits="1"/>
						<line number="391" hits="1"/>
						<line number="392" hits="1"/>
						<line number="393" hits="0"/>
						<line number="394" hits="1"/>
						<line number="396" hits="1"/>
						<line number="401" hits="1"/>
						<line number="402" hits="1"/>
						<line number="403" hits="1"/>
						<line number="404" hits="0"/>
						<line number="405" hits="1"/>
						<line number="406" hits="0"/>
						<line number="407" hits="0"/>
						<line number="408" hits="0"/>
						<line number="409" hits="0"/>
						<line number="410" hits="1"/>
						<line number="413" hits="1"/>
						<line number="426" hits="1"/>
						<line number="427" hits="1"/>
						<line number="429" hits="1"/>
						<line number="432" hits="1"/>
						<line number="434" hits="1"/>
						<line number="436" hits="1"/>
						<line number="437" hits="1"/>
						<line number="438" hits="1"/>
						<line number="439" hits="1"/>
						<line number="440" hits="1"/>
						<line number="446" hits="1"/>
						<line number="447" hits="1"/>
						<line number="448" hits="1"/>
						<line number="451" hits="1"/>
						<line number="452" hits="1"/>
						<line number="458" hits="1"/>
						<line number="461" hits="1"/>
						<line number="478" hits="1"/>
						<line number="479" hits="1"/>
						<line number="480" hits="1"/>
						<line number="483" hits="1"/>
						<line number="484" hits="1"/>
						<line number="485" hits="1"/>
						<line number="486" hits="1"/>
						<line number="487" hits="1"/>
						<line number="489" hits="1"/>
						<line number="492" hits="1"/>
						<line number="503" hits="1"/>
						<line number="513" hits="1"/>
						<line number="514" hits="1"/>
						<line number="515" hits="1"/>
						<line number="516" hits="1"/>
						<line number="517" hits="1"/>
						<line number="518" hits="1"/>
						<line number="519" hits="1"/>
						<line number="530" hits="1"/>
						<line number="539" hits="1"/>
						<line number="542" hits="1"/>
						<line number="553" hits="1"/>
						<line number="555" hits="1"/>
						<line number="556" hits="1"/>
						<line number="557" hits="1"/>
						<line number="558" hits="1"/>
						<line number="559" hits="1"/>
						<line number="561" hits="1"/>
						<line number="565" hits="1"/>
						<line number="566" hits="1"/>
						<line number="577" hits="1"/>
						<line number="578" hits="0"/>
						<line number="590" hits="1"/>
						<line number="592" hits="1"/>
						<line number="593" hits="1"/>
						<line number="594" hits="1"/>
						<line number="595" hits="1"/>
						<line number="597" hits="1"/>
						<line number="598" hits="1"/>
						<line number="607" hits="1"/>
						<line number="608" hits="1"/>
						<line number="617" hits="1"/>
						<line number="618" hits="1"/>
						<line number="627" hits="1"/>
						<line number="628" hits="1"/>
						<line number="638" hits="1"/>
						<line number="641" hits="1"/>
						<line number="652" hits="1"/>
						<line number="653" hits="1"/>
						<line number="654" hits="1"/>
						<line number="657" hits="1"/>
						<line number="658" hits="1"/>
						<line number="659" hits="1"/>
						<line number="665" hits="1"/>
						<line number="666" hits="1"/>
						<line number="672" hits="1"/>
						<line number="673" hits="1"/>
						<line number="674" hits="1"/>
						<line number="678" hits="1"/>
						<line number="679" hits="1"/>
						<line number="684" hits="0"/>
						<line number="687" hits="1"/>
						<line number="695" hits="1"/>
						<line number="696" hits="1"/>
						<line number="697" hits="1"/>
						<line number="698" hits="1"/>
						<line number="699" hits="1"/>
						<line number="701" hits="1"/>
						<line number="702" hits="1"/>
						<line number="703" hits="0"/>
						<line number="709" hits="1"/>
						<line number="716" hits="1"/>
						<line number="717" hits="1"/>
						<line number="718" hits="1"/>
						<line number="721" hits="1"/>
						<line number="738" hits="1"/>
						<line number="739" hits="1"/>
						<line number="740" hits="1"/>
						<line number="742" hits="1"/>
						<line number="743" hits="1"/>
						<line number="744" hits="1"/>
						<line number="745" hits="1"/>
						<line number="746" hits="0"/>
						<line number="747" hits="1"/>
						<line number="748" hits="1"/>
						<line number="749" hits="1"/>
						<line number="750" hits="1"/>
						<line number="753" hits="1"/>
						<line number="760" hits="1"/>
						<line number="766" hits="1"/>
						<line number="767" hits="1"/>
						<line number="772" hits="1"/>
						<line number="773" hits="0"/>
						<line number="774" hits="1"/>
						<line number="775" hits="0"/>
						<line number="776" hits="1"/>
						<line number="777" hits="1"/>
						<line number="779" hits="0"/>
						<line number="782" hits="1"/>
						<line number="783" hits="0"/>
						<line number="784" hits="1"/>
						<line number="785" hits="0"/>
						<line number="786" hits="1"/>
						<line number="787" hits="0"/>
						<line number="789" hits="1"/>
						<line number="792" hits="1"/>
						<line number="797" hits="1"/>
						<line number="798" hits="0"/>
						<line number="799" hits="0"/>
						<line number="801" hits="0"/>
						<line number="802" hits="1"/>
						<line number="803" hits="1"/>
						<line number="804" hits="1"/>
						<line number="806" hits="0"/>
						<line number="807" hits="0"/>
						<line number="809" hits="1"/>
						<line number="840" hits="1"/>
						<line number="842" hits="1"/>
						<line number="843" hits="1"/>
						<line number="844" hits="0"/>
						<line number="845" hits="1"/>
						<line number="846" hits="1"/>
						<line number="847" hits="1"/>
						<line number="849" hits="0"/>
						<line number="850" hits="1"/>
						<line number="853" hits="1"/>
						<line number="854" hits="1"/>
						<line number="855" hits="0"/>
						<line number="856" hits="0"/>
						<line number="857" hits="0"/>
						<line number="858" hits="0"/>
						<line number="860" hits="0"/>
						<line number="861" hits="0"/>
						<line number="862" hits="0"/>
						<line number="865" hits="1"/>
						<line number="867" hits="1"/>
						<line number="868" hits="1"/>
						<line number="869" hits="1"/>
						<line number="876" hits="1"/>
						<line number="877" hits="1"/>
						<line number="878" hits="1"/>
						<line number="879" hits="0"/>
						<line number="880" hits="1"/>
						<line number="883" hits="1"/>
						<line number="885" hits="1"/>
						<line number="886" hits="1"/>
						<line number="887" hits="1"/>
						<line number="888" hits="1"/>
						<line number="889" hits="1"/>
						<line number="890" hits="1"/>
						<line number="891" hits="0"/>
						<line number="892" hits="1"/>
						<line number="896" hits="1"/>
						<line number="899" hits="1"/>
						<line number="906" hits="1"/>
						<line number="907" hits="1"/>
						<line number="909" hits="0"/>
						<line number="924" hits="1"/>
						<line number="925" hits="1"/>
						<line number="926" hits="1"/>
						<line number="928" hits="0"/>
						<line number="929" hits="1"/>
						<line number="932" hits="0"/>
						<line number="933" hits="0"/>
						<line number="948" hits="1"/>
						<line number="949" hits="0"/>
						<line number="964" hits="1"/>
						<line number="968" hits="1"/>
						<line number="981" hits="1"/>
						<line number="982" hits="1"/>
						<line number="984" hits="1"/>
						<line number="985" hits="0"/>
						<line number="986" hits="0"/>
						<line number="988" hits="1"/>
						<line number="989" hits="1"/>
						<line number="990" hits="1"/>
						<line number="992" hits="1"/>
						<line number="993" hits="0"/>
						<line number="994" hits="0"/>
						<line number="996" hits="1"/>
						<line number="1008" hits="1"/>
						<line number="1017" hits="1"/>
						<line number="1018" hits="1"/>
						<line number="1021" hits="1"/>
						<line number="1022" hits="1"/>
						<line number="1023" hits="1"/>
						<line number="1024" hits="1"/>
						<line number="1025" hits="1"/>
						<line number="1026" hits="1"/>
						<line number="1027" hits="1"/>
						<line number="1028" hits="1"/>
						<line number="1032" hits="1"/>
						<line number="1033" hits="0"/>
						<line number="1035" hits="1"/>
						<line number="1051" hits="1"/>
						<line number="1053" hits="1"/>
						<line number="1054" hits="1"/>
						<line number="1055" hits="1"/>
						<line number="1056" hits="1"/>
						<line number="1057" hits="0"/>
						<line number="1058" hits="0"/>
						<line number="1059" hits="1"/>
						<line number="1062" hits="1"/>
						<line number="1064" hits="1"/>
						<line number="1065" hits="1"/>
						<line number="1067" hits="1"/>
						<line number="1068" hits="1"/>
						<line number="1073" hits="1"/>
						<line number="1091" hits="1"/>
						<line number="1096" hits="1"/>
						<line number="1097" hits="1"/>
						<line number="1098" hits="1"/>
						<line number="1099" hits="1"/>
						<line number="1100" hits="1"/>
						<line number="1102" hits="1"/>
						<line number="1103" hits="1"/>
						<line number="1104" hits="1"/>
						<line number="1105" hits="0"/>
						<line number="1108" hits="1"/>
						<line number="1114" hits="1"/>
						<line number="1115" hits="1"/>
						<line number="1116" hits="1"/>
						<line number="1117" hits="1"/>
						<line number="1120" hits="1"/>
						<line number="1121" hits="1"/>
						<line number="1136" hits="1"/>
						<line number="1137" hits="0"/>
						<line number="1152" hits="1"/>
						<line number="1153" hits="1"/>
						<line number="1154" hits="1"/>
						<line number="1174" hits="1"/>
						<line number="1176" hits="1"/>
						<line number="1177" hits="0"/>
						<line number="1178" hits="0"/>
						<line number="1195" hits="1"/>
						<line number="1196" hits="1"/>
						<line number="1197" hits="1"/>
						<line number="1198" hits="1"/>
						<line number="1220" hits="0"/>
						<line number="1221" hits="0"/>
						<line number="1222" hits="0"/>
						<line number="1223" hits="0"/>
						<line number="1245" hits="0"/>
						<line number="1246" hits="0"/>
						<line number="1247" hits="0"/>
						<line number="1269" hits="1"/>
						<line number="1289" hits="1"/>
						<line number="1291" hits="1"/>
						<line number="1292" hits="1"/>
						<line number="1293" hits="1"/>
						<line number="1294" hits="1"/>
						<line number="1295" hits="1"/>
						<line number="1296" hits="1"/>
						<line number="1298" hits="1"/>
						<line number="1299" hits="0"/>
						<line number="1300" hits="0"/>
						<line number="1301" hits="1"/>
						<line number="1302" hits="0"/>
						<line number="1303" hits="0"/>
						<line number="1305" hits="1"/>
						<line number="1306" hits="1"/>
						<line number="1308" hits="1"/>
						<line number="1309" hits="1"/>
						<line number="1316" hits="1"/>
						<line number="1340" hits="1"/>
						<line number="1341" hits="1"/>
						<line number="1347" hits="1"/>
						<line number="1349" hits="1"/>
						<line number="1350" hits="1"/>
						<line number="1351" hits="1"/>
						<line number="1352" hits="1"/>
						<line number="1353" hits="1"/>
						<line number="1354" hits="1"/>
						<line number="1357" hits="1"/>
						<line number="1358" hits="1"/>
						<line number="1361" hits="1"/>
						<line number="1363" hits="1"/>
						<line number="1366" hits="1"/>
						<line number="1374" hits="1"/>
						<line number="1375" hits="1"/>
						<line number="1391" hits="1"/>
						<line number="1394" hits="1"/>
						<line number="1397" hits="1"/>
						<line number="1398" hits="1"/>
						<line number="1405" hits="1"/>
						<line number="1408" hits="1"/>
						<line number="1409" hits="1"/>
						<line number="1411" hits="1"/>
						<line number="1417" hits="0"/>
						<line number="1418" hits="1"/>
						<line number="1424" hits="0"/>
						<line number="1426" hits="1"/>
						<line number="1428" hits="1"/>
						<line number="1440" hits="1"/>
						<line number="1459" hits="1"/>
						<line number="1460" hits="1"/>
						<line number="1461" hits="1"/>
						<line number="1471" hits="1"/>
						<line number="1472" hits="1"/>
						<line number="1475" hits="1"/>
						<line number="1482" hits="1"/>
						<line number="1483" hits="1"/>
						<line number="1484" hits="1"/>
						<line number="1485" hits="1"/>
						<line number="1488" hits="1"/>
						<line number="1498" hits="1"/>
						<line number="1508" hits="1"/>
						<line number="1509" hits="1"/>
						<line number="1519" hits="1"/>
						<line number="1522" hits="1"/>
						<line number="1523" hits="0"/>
						<line number="1524" hits="1"/>
						<line number="1525" hits="0"/>
						<line number="1526" hits="1"/>
						<line number="1527" hits="0"/>
						<line number="1530" hits="1"/>
						<line number="1531" hits="0"/>
						<line number="1532" hits="1"/>
						<line number="1533" hits="0"/>
						<line number="1536" hits="1"/>
						<line number="1537" hits="1"/>
						<line number="1538" hits="0"/>
						<line number="1541" hits="1"/>
						<line number="1542" hits="1"/>
						<line number="1543" hits="0"/>
						<line number="1546" hits="1"/>
						<line number="1547" hits="0"/>
						<line number="1549" hits="1"/>
						<line number="1550" hits="1"/>
						<line number="1551" hits="0"/>
						<line number="1552" hits="0"/>
						<line number="1554" hits="0"/>
						<line number="1556" hits="1"/>
						<line number="1572" hits="1"/>
						<line number="1574" hits="1"/>
						<line number="1575" hits="1"/>
						<line number="1576" hits="0"/>
						<line number="1577" hits="1"/>
						<line number="1578" hits="1"/>
						<line number="1579" hits="0"/>
						<line number="1580" hits="0"/>
						<line number="1583" hits="1"/>
						<line number="1589" hits="1"/>
						<line number="1600" hits="1"/>
						<line number="1601" hits="1"/>
						<line number="1602" hits="1"/>
						<line number="1605" hits="1"/>
						<line number="1606" hits="1"/>
						<line number="1613" hits="1"/>
						<line number="1614" hits="1"/>
						<line number="1615" hits="1"/>
						<line number="1618" hits="1"/>
						<line number="1619" hits="1"/>
						<line number="1620" hits="1"/>
						<line number="1621" hits="1"/>
						<line number="1624" hits="1"/>
						<line number="1626" hits="1"/>
						<line number="1627" hits="1"/>
						<line number="1629" hits="1"/>
						<line number="1630" hits="1"/>
						<line number="1631" hits="1"/>
						<line number="1632" hits="1"/>
						<line number="1635" hits="1"/>
						<line number="1636" hits="1"/>
						<line number="1637" hits="1"/>
						<line number="1638" hits="1"/>
						<line number="1639" hits="1"/>
						<line number="1640" hits="1"/>
						<line number="1641" hits="1"/>
						<line number="1642" hits="1"/>
						<line number="1645" hits="1"/>
						<line number="1646" hits="1"/>
						<line number="1647" hits="1"/>
						<line number="1648" hits="1"/>
						<line number="1649" hits="1"/>
						<line number="1650" hits="1"/>
						<line number="1653" hits="1"/>
						<line number="1654" hits="1"/>
						<line number="1655" hits="1"/>
						<line number="1656" hits="1"/>
						<line number="1657" hits="1"/>
						<line number="1658" hits="1"/>
						<line number="1659" hits="1"/>
						<line number="1660" hits="1"/>
						<line number="1661" hits="0"/>
						<line number="1664" hits="1"/>
						<line number="1665" hits="1"/>
						<line number="1666" hits="1"/>
						<line number="1667" hits="0"/>
						<line number="1668" hits="0"/>
						<line number="1669" hits="1"/>
						<line number="1670" hits="0"/>
						<line number="1673" hits="1"/>
						<line number="1674" hits="1"/>
						<line number="1675" hits="1"/>
						<line number="1676" hits="1"/>
						<line number="1677" hits="0"/>
						<line number="1678" hits="0"/>
						<line number="1679" hits="1"/>
						<line number="1680" hits="0"/>
						<line number="1681" hits="0"/>
						<line number="1682" hits="0"/>
						<line number="1685" hits="1"/>
						<line number="1686" hits="1"/>
						<line number="1687" hits="0"/>
						<line number="1688" hits="0"/>
						<line number="1689" hits="0"/>
						<line number="1691" hits="1"/>
						<line number="1692" hits="1"/>
						<line number="1693" hits="0"/>
						<line number="1694" hits="0"/>
						<line number="1696" hits="1"/>
						<line number="1697" hits="1"/>
						<line number="1700" hits="1"/>
						<line number="1705" hits="1"/>
						<line number="1706" hits="1"/>
						<line number="1708" hits="1"/>
						<line number="1709" hits="1"/>
						<line number="1710" hits="1"/>
						<line number="1711" hits="1"/>
						<line number="1712" hits="1"/>
						<line number="1713" hits="1"/>
						<line number="1715" hits="1"/>
						<line number="1716" hits="1"/>
						<line number="1718" hits="1"/>
						<line number="1727" hits="1"/>
						<line number="1752" hits="1"/>
						<line number="1753" hits="0"/>
						<line number="1754" hits="0"/>
						<line number="1757" hits="0"/>
						<line number="1758" hits="0"/>
						<line number="1759" hits="0"/>
						<line number="1761" hits="1"/>
						<line number="1819" hits="1"/>
						<line number="1820" hits="1"/>
						<line number="1825" hits="1"/>
						<line number="1834" hits="1"/>
						<line number="1835" hits="0"/>
						<line number="1841" hits="1"/>
						<line number="1842" hits="1"/>
						<line number="1854" hits="1"/>
						<line number="1857" hits="1"/>
						<line number="1860" hits="1"/>
						<line number="1861" hits="1"/>
						<line number="1890" hits="1"/>
						<line number="1891" hits="1"/>
						<line number="1894" hits="1"/>
						<line number="1895" hits="1"/>
						<line number="1896" hits="1"/>
						<line number="1897" hits="1"/>
						<line number="1898" hits="1"/>
						<line number="1899" hits="1"/>
						<line number="1900" hits="1"/>
						<line number="1901" hits="1"/>
						<line number="1902" hits="1"/>
						<line number="1903" hits="1"/>
						<line number="1904" hits="1"/>
						<line number="1905" hits="1"/>
						<line number="1906" hits="0"/>
						<line number="1907" hits="0"/>
						<line number="1909" hits="1"/>
						<line number="1912" hits="1"/>
						<line number="1913" hits="1"/>
						<line number="1914" hits="1"/>
						<line number="1915" hits="1"/>
						<line number="1916" hits="1"/>
						<line number="1917" hits="1"/>
						<line number="1918" hits="1"/>
						<line number="1919" hits="0"/>
						<line number="1920" hits="1"/>
						<line number="1922" hits="1"/>
						<line number="1923" hits="1"/>
						<line number="1924" hits="1"/>
						<line number="1925" hits="1"/>
						<line number="1926" hits="1"/>
						<line number="1927" hits="0"/>
						<line number="1928" hits="1"/>
						<line number="1929" hits="0"/>
						<line number="1930" hits="1"/>
						<line number="1932" hits="1"/>
						<line number="1933" hits="1"/>
						<line number="1934" hits="1"/>
						<line number="1935" hits="1"/>
						<line number="1936" hits="1"/>
						<line number="1937" hits="1"/>
						<line number="1938" hits="1"/>
						<line number="1939" hits="0"/>
						<line number="1940" hits="1"/>
						<line number="1942" hits="1"/>
						<line number="1943" hits="0"/>
						<line number="1944" hits="0"/>
						<line number="1945" hits="0"/>
						<line number="1946" hits="0"/>
						<line number="1947" hits="0"/>
						<line number="1948" hits="0"/>
						<line number="1949" hits="0"/>
						<line number="1950" hits="0"/>
						<line number="1952" hits="1"/>
						<line number="1953" hits="0"/>
						<line number="1954" hits="0"/>
						<line number="1955" hits="0"/>
						<line number="1956" hits="0"/>
						<line number="1957" hits="0"/>
						<line number="1958" hits="0"/>
						<line number="1961" hits="1"/>
						<line number="1964" hits="1"/>
						<line number="1966" hits="1"/>
						<line number="1967" hits="1"/>
						<line number="1968" hits="1"/>
						<line number="1973" hits="1"/>
						<line number="1974" hits="1"/>
						<line number="1976" hits="1"/>
						<line number="1982" hits="1"/>
						<line number="1983" hits="1"/>
						<line number="1984" hits="1"/>
						<line number="1986" hits="1"/>
						<line number="2001" hits="1"/>
						<line number="2002" hits="1"/>
						<line number="2009" hits="1"/>
						<line number="2010" hits="1"/>
						<line number="2012" hits="1"/>
						<line number="2022" hits="1"/>
						<line number="2023" hits="1"/>
						<line number="2024" hits="1"/>
						<line number="2033" hits="1"/>
						<line number="2034" hits="1"/>
						<line number="2043" hits="1"/>
						<line number="2044" hits="1"/>
						<line number="2049" hits="1"/>
						<line number="2071" hits="1"/>
						<line number="2072" hits="1"/>
						<line number="2102" hits="1"/>
						<line number="2105" hits="1"/>
						<line number="2108" hits="1"/>
						<line number="2111" hits="1"/>
						<line number="2114" hits="1"/>
						<line number="2117" hits="1"/>
						<line number="2120" hits="1"/>
						<line number="2121" hits="1"/>
						<line number="2122" hits="1"/>
						<line number="2123" hits="1"/>
						<line number="2124" hits="1"/>
						<line number="2132" hits="1"/>
						<line number="2133" hits="1"/>
						<line number="2134" hits="1"/>
						<line number="2135" hits="1"/>
						<line number="2145" hits="1"/>
						<line number="2146" hits="1"/>
						<line number="2147" hits="1"/>
						<line number="2148" hits="1"/>
						<line number="2149" hits="1"/>
						<line number="2150" hits="0"/>
						<line number="2151" hits="0"/>
						<line number="2152" hits="1"/>
						<line number="2153" hits="0"/>
						<line number="2154" hits="0"/>
						<line number="2156" hits="1"/>
						<line number="2157" hits="1"/>
						<line number="2159" hits="1"/>
						<line number="2161" hits="1"/>
						<line number="2201" hits="1"/>
						<line number="2213" hits="0"/>
						<line number="2214" hits="0"/>
						<line number="2216" hits="0"/>
						<line number="2217" hits="0"/>
						<line number="2218" hits="0"/>
						<line number="2220" hits="0"/>
						<line number="2222" hits="0"/>
						<line number="2223" hits="0"/>
						<line number="2225" hits="0"/>
						<line number="2226" hits="0"/>
						<line number="2227" hits="0"/>
						<line number="2229" hits="0"/>
						<line number="2243" hits="0"/>
						<line number="2251" hits="0"/>
						<line number="2259" hits="0"/>
						<line number="2261" hits="0"/>
						<line number="2268" hits="0"/>
						<line number="2276" hits="1"/>
						<line number="2285" hits="1"/>
						<line number="2286" hits="1"/>
						<line number="2289" hits="1"/>
						<line number="2290" hits="1"/>
						<line number="2291" hits="1"/>
						<line number="2293" hits="1"/>
						<line number="2294" hits="1"/>
						<line number="2296" hits="1"/>
						<line number="2298" hits="1"/>
						<line number="2299" hits="0"/>
						<line number="2306" hits="0"/>
						<line number="2308" hits="1"/>
						<line number="2309" hits="1"/>
						<line number="2313" hits="0"/>
						<line number="2315" hits="0"/>
						<line number="2316" hits="0"/>
						<line number="2323" hits="1"/>
						<line number="2324" hits="1"/>
						<line number="2330" hits="1"/>
						<line number="2331" hits="1"/>
						<line number="2332" hits="1"/>
						<line number="2333" hits="1"/>
						<line number="2334" hits="1"/>
						<line number="2335" hits="1"/>
						<line number="2336" hits="1"/>
						<line number="2339" hits="1"/>
						<line number="2340" hits="1"/>
						<line number="2352" hits="1"/>
						<line number="2354" hits="1"/>
						<line number="2415" hits="1"/>
						<line number="2416" hits="0"/>
						<line number="2417" hits="1"/>
						<line number="2421" hits="0"/>
						<line number="2422" hits="1"/>
						<line number="2423" hits="1"/>
						<line number="2424" hits="1"/>
						<line number="2425" hits="0"/>
						<line number="2426" hits="1"/>
						<line number="2430" hits="0"/>
						<line number="2431" hits="1"/>
						<line number="2432" hits="0"/>
						<line number="2433" hits="1"/>
						<line number="2434" hits="0"/>
						<line number="2435" hits="1"/>
						<line number="2436" hits="0"/>
						<line number="2438" hits="1"/>
						<line number="2440" hits="1"/>
						<line number="2441" hits="1"/>
						<line number="2443" hits="1"/>
						<line number="2462" hits="1"/>
						<line number="2463" hits="1"/>
						<line number="2475" hits="1"/>
						<line number="2485" hits="1"/>
						<line number="2486" hits="1"/>
						<line number="2494" hits="1"/>
						<line number="2496" hits="1"/>
						<line number="2497" hits="1"/>
						<line number="2498" hits="0"/>
						<line number="2514" hits="1"/>
						<line number="2516" hits="1"/>
						<line number="2517" hits="1"/>
						<line number="2531" hits="1"/>
						<line number="2532" hits="1"/>
						<line number="2534" hits="1"/>
						<line number="2545" hits="1"/>
						<line number="2546" hits="1"/>
						<line number="2554" hits="1"/>
						<line number="2555" hits="0"/>
						<line number="2557" hits="1"/>
						<line number="2558" hits="1"/>
						<line number="2561" hits="1"/>
						<line number="2562" hits="1"/>
						<line number="2574" hits="1"/>
						<line number="2575" hits="1"/>
						<line number="2576" hits="1"/>
						<line number="2577" hits="1"/>
						<line number="2578" hits="1"/>
						<line number="2579" hits="1"/>
						<line number="2581" hits="1"/>
						<line number="2582" hits="1"/>
						<line number="2583" hits="1"/>
						<line number="2585" hits="1"/>
						<line number="2586" hits="1"/>
						<line number="2587" hits="1"/>
						<line number="2588" hits="1"/>
						<line number="2589" hits="1"/>
						<line number="2590" hits="0"/>
						<line number="2591" hits="0"/>
						<line number="2592" hits="0"/>
						<line number="2593" hits="0"/>
						<line number="2594" hits="0"/>
						<line number="2595" hits="0"/>
						<line number="2596" hits="0"/>
						<line number="2597" hits="0"/>
						<line number="2598" hits="0"/>
						<line number="2599" hits="0"/>
						<line number="2600" hits="0"/>
						<line number="2601" hits="0"/>
						<line number="2602" hits="0"/>
						<line number="2603" hits="0"/>
						<line number="2604" hits="0"/>
						<line number="2605" hits="0"/>
						<line number="2606" hits="0"/>
						<line number="2607" hits="0"/>
						<line number="2608" hits="0"/>
						<line number="2609" hits="0"/>
						<line number="2610" hits="0"/>
						<line number="2611" hits="0"/>
						<line number="2612" hits="0"/>
						<line number="2613" hits="0"/>
						<line number="2614" hits="0"/>
						<line number="2615" hits="0"/>
						<line number="2616" hits="0"/>
						<line number="2619" hits="0"/>
						<line number="2620" hits="0"/>
						<line number="2621" hits="0"/>
						<line number="2622" hits="0"/>
						<line number="2623" hits="0"/>
						<line number="2628" hits="0"/>
						<line number="2629" hits="0"/>
						<line number="2630" hits="0"/>
						<line number="2632" hits="0"/>
						<line number="2634" hits="1"/>
						<line number="2648" hits="1"/>
						<line number="2649" hits="1"/>
						<line number="2651" hits="1"/>
						<line number="2652" hits="0"/>
						<line number="2654" hits="1"/>
						<line number="2655" hits="1"/>
						<line number="2656" hits="1"/>
						<line number="2657" hits="1"/>
						<line number="2658" hits="1"/>
						<line number="2659" hits="1"/>
						<line number="2660" hits="1"/>
						<line number="2661" hits="0"/>
						<line number="2662" hits="0"/>
						<line number="2663" hits="0"/>
						<line number="2664" hits="0"/>
						<line number="2666" hits="1"/>
						<line number="2670" hits="1"/>
						<line number="2671" hits="1"/>
						<line number="2678" hits="1"/>
						<line number="2679" hits="1"/>
						<line number="2680" hits="0"/>
						<line number="2685" hits="1"/>
						<line number="2696" hits="1"/>
						<line number="2697" hits="1"/>
						<line number="2704" hits="1"/>
						<line number="2705" hits="1"/>
						<line number="2706" hits="1"/>
						<line number="2707" hits="1"/>
						<line number="2710" hits="1"/>
						<line number="2719" hits="1"/>
						<line number="2720" hits="1"/>
						<line number="2723" hits="1"/>
						<line number="2724" hits="1"/>
						<line number="2725" hits="1"/>
						<line number="2726" hits="1"/>
						<line number="2727" hits="1"/>
						<line number="2728" hits="1"/>
						<line number="2731" hits="1"/>
						<line number="2732" hits="1"/>
						<line number="2733" hits="1"/>
						<line number="2734" hits="0"/>
						<line number="2737" hits="0"/>
						<line number="2745" hits="1"/>
						<line number="2746" hits="0"/>
						<line number="2749" hits="1"/>
						<line number="2750" hits="1"/>
						<line number="2751" hits="0"/>
						<line number="2752" hits="0"/>
						<line number="2755" hits="1"/>
						<line number="2756" hits="1"/>
						<line number="2757" hits="1"/>
						<line number="2758" hits="1"/>
						<line number="2761" hits="1"/>
						<line number="2762" hits="1"/>
						<line number="2763" hits="0"/>
						<line number="2764" hits="0"/>
						<line number="2765" hits="0"/>
						<line number="2766" hits="0"/>
						<line number="2767" hits="0"/>
						<line number="2768" hits="0"/>
						<line number="2769" hits="0"/>
						<line number="2772" hits="1"/>
						<line number="2773" hits="1"/>
						<line number="2776" hits="1"/>
						<line number="2777" hits="1"/>
						<line number="2778" hits="0"/>
						<line number="2779" hits="1"/>
						<line number="2780" hits="0"/>
						<line number="2781" hits="1"/>
						<line number="2782" hits="0"/>
						<line number="2784" hits="1"/>
						<line number="2786" hits="1"/>
						<line number="2806" hits="1"/>
						<line number="2807" hits="1"/>
						<line number="2814" hits="1"/>
						<line number="2815" hits="1"/>
						<line number="2817" hits="1"/>
						<line number="2818" hits="1"/>
						<line number="2830" hits="1"/>
						<line number="2837" hits="1"/>
						<line number="2839" hits="1"/>
						<line number="2840" hits="1"/>
						<line number="2841" hits="1"/>
						<line number="2842" hits="1"/>
						<line number="2843" hits="1"/>
						<line number="2845" hits="1"/>
						<line number="2846" hits="1"/>
						<line number="2847" hits="1"/>
						<line number="2850" hits="1"/>
						<line number="2851" hits="1"/>
						<line number="2852" hits="1"/>
						<line number="2853" hits="1"/>
						<line number="2854" hits="1"/>
						<line number="2855" hits="1"/>
						<line number="2856" hits="0"/>
						<line number="2857" hits="0"/>
						<line number="2858" hits="0"/>
						<line number="2859" hits="0"/>
						<line number="2860" hits="0"/>
						<line number="2861" hits="0"/>
						<line number="2862" hits="0"/>
						<line number="2863" hits="0"/>
						<line number="2864" hits="0"/>
						<line number="2865" hits="0"/>
						<line number="2866" hits="0"/>
						<line number="2867" hits="0"/>
						<line number="2871" hits="0"/>
						<line number="2872" hits="0"/>
						<line number="2873" hits="0"/>
						<line number="2874" hits="0"/>
						<line number="2875" hits="0"/>
						<line number="2878" hits="1"/>
						<line number="2879" hits="0"/>
						<line number="2880" hits="0"/>
						<line number="2881" hits="0"/>
						<line number="2882" hits="0"/>
						<line number="2883" hits="0"/>
						<line number="2885" hits="1"/>
						<line number="2897" hits="1"/>
						<line number="2904" hits="1"/>
						<line number="2911" hits="1"/>
						<line number="2917" hits="1"/>
						<line number="2918" hits="1"/>
						<line number="2919" hits="1"/>
						<line number="2920" hits="1"/>
						<line number="2922" hits="1"/>
						<line number="2923" hits="1"/>
						<line number="2925" hits="1"/>
						<line number="2926" hits="1"/>
						<line number="2927" hits="1"/>
						<line number="2928" hits="1"/>
						<line number="2931" hits="1"/>
						<line number="2932" hits="1"/>
						<line number="2933" hits="0"/>
						<line number="2940" hits="1"/>
						<line number="2941" hits="0"/>
						<line number="2950" hits="1"/>
						<line number="2951" hits="1"/>
						<line number="2952" hits="0"/>
						<line number="2959" hits="0"/>
						<line number="2960" hits="0"/>
						<line number="2965" hits="1"/>
						<line number="2966" hits="1"/>
						<line number="2967" hits="0"/>
						<line number="2974" hits="1"/>
						<line number="2975" hits="0"/>
						<line number="2978" hits="0"/>
						<line number="2987" hits="1"/>
						<line number="2988" hits="1"/>
						<line number="2989" hits="0"/>
						<line number="2996" hits="0"/>
						<line number="3001" hits="1"/>
						<line number="3002" hits="1"/>
						<line number="3003" hits="0"/>
						<line number="3012" hits="1"/>
						<line number="3013" hits="1"/>
						<line number="3014" hits="0"/>
						<line number="3023" hits="1"/>
						<line number="3024" hits="1"/>
						<line number="3032" hits="1"/>
						<line number="3046" hits="1"/>
						<line number="3047" hits="1"/>
						<line number="3064" hits="1"/>
						<line number="3065" hits="1"/>
						<line number="3066" hits="1"/>
						<line number="3067" hits="1"/>
						<line number="3068" hits="1"/>
						<line number="3069" hits="1"/>
						<line number="3071" hits="1"/>
						<line number="3072" hits="1"/>
						<line number="3073" hits="1"/>
						<line number="3076" hits="1"/>
						<line number="3115" hits="1"/>
						<line number="3121" hits="1"/>
						<line number="3122" hits="0"/>
						<line number="3123" hits="0"/>
						<line number="3124" hits="0"/>
						<line number="3127" hits="1"/>
						<line number="3128" hits="1"/>
						<line number="3129" hits="1"/>
						<line number="3130" hits="1"/>
						<line number="3132" hits="1"/>
						<line number="3133" hits="1"/>
						<line number="3134" hits="1"/>
						<line number="3136" hits="1"/>
						<line number="3153" hits="1"/>
						<line number="3154" hits="1"/>
						<line number="3172" hits="1"/>
						<line number="3173" hits="1"/>
						<line number="3174" hits="1"/>
						<line number="3175" hits="1"/>
						<line number="3176" hits="1"/>
						<line number="3178" hits="1"/>
						<line number="3179" hits="1"/>
						<line number="3182" hits="1"/>
						<line number="3183" hits="0"/>
						<line number="3184" hits="0"/>
						<line number="3197" hits="0"/>
						<line number="3198" hits="0"/>
						<line number="3212" hits="0"/>
						<line number="3213" hits="0"/>
						<line number="3224" hits="0"/>
						<line number="3225" hits="0"/>
						<line number="3229" hits="0"/>
						<line number="3230" hits="0"/>
						<line number="3233" hits="0"/>
						<line number="3235" hits="0"/>
						<line number="3237" hits="1"/>
						<line number="3238" hits="0"/>
						<line number="3244" hits="1"/>
						<line number="3253" hits="1"/>
						<line number="3255" hits="1"/>
						<line number="3256" hits="1"/>
						<line number="3257" hits="1"/>
						<line number="3259" hits="1"/>
						<line number="3260" hits="1"/>
						<line number="3262" hits="1"/>
						<line number="3264" hits="1"/>
						<line number="3265" hits="1"/>
						<line number="3266" hits="1"/>
						<line number="3268" hits="0"/>
						<line number="3269" hits="0"/>
						<line number="3270" hits="0"/>
						<line number="3271" hits="0"/>
						<line number="3272" hits="0"/>
						<line number="3273" hits="0"/>
						<line number="3274" hits="0"/>
						<line number="3275" hits="0"/>
						<line number="3276" hits="0"/>
						<line number="3277" hits="0"/>
						<line number="3278" hits="0"/>
						<line number="3282" hits="1"/>
						<line number="3306" hits="1"/>
						<line number="3316" hits="1"/>
						<line number="3317" hits="1"/>
						<line number="3318" hits="1"/>
						<line number="3319" hits="1"/>
						<line number="3320" hits="1"/>
						<line number="3321" hits="1"/>
						<line number="3322" hits="1"/>
						<line number="3323" hits="1"/>
						<line number="3325" hits="1"/>
						<line number="3328" hits="1"/>
						<line number="3329" hits="1"/>
						<line number="3330" hits="0"/>
						<line number="3331" hits="1"/>
						<line number="3332" hits="0"/>
						<line number="3333" hits="1"/>
						<line number="3334" hits="0"/>
						<line number="3336" hits="1"/>
						<line number="3340" hits="1"/>
						<line number="3341" hits="1"/>
						<line number="3342" hits="1"/>
						<line number="3343" hits="1"/>
						<line number="3344" hits="1"/>
						<line number="3349" hits="1"/>
						<line number="3351" hits="1"/>
						<line number="3358" hits="1"/>
						<line number="3359" hits="1"/>
						<line number="3360" hits="1"/>
						<line number="3361" hits="0"/>
						<line number="3368" hits="0"/>
						<line number="3369" hits="0"/>
						<line number="3370" hits="0"/>
						<line number="3372" hits="0"/>
						<line number="3373" hits="0"/>
						<line number="3374" hits="0"/>
						<line number="3376" hits="1"/>
						<line number="3377" hits="1"/>
						<line number="3378" hits="1"/>
						<line number="3379" hits="0"/>
						<line number="3380" hits="0"/>
						<line number="3381" hits="0"/>
						<line number="3382" hits="0"/>
						<line number="3383" hits="0"/>
						<line number="3384" hits="0"/>
						<line number="3386" hits="0"/>
						<line number="3387" hits="0"/>
						<line number="3389" hits="0"/>
						<line number="3390" hits="0"/>
						<line number="3393" hits="1"/>
						<line number="3394" hits="1"/>
						<line number="3395" hits="1"/>
						<line number="3396" hits="0"/>
						<line number="3397" hits="1"/>
						<line number="3398" hits="0"/>
						<line number="3399" hits="1"/>
						<line number="3400" hits="0"/>
						<line number="3401" hits="1"/>
						<line number="3402" hits="0"/>
						<line number="3405" hits="1"/>
						<line number="3406" hits="1"/>
						<line number="3413" hits="0"/>
						<line number="3421" hits="1"/>
						<line number="3422" hits="1"/>
						<line number="3434" hits="1"/>
						<line number="3437" hits="1"/>
						<line number="3442" hits="1"/>
						<line number="3450" hits="1"/>
						<line number="3451" hits="1"/>
						<line number="3463" hits="1"/>
						<line number="3489" hits="1"/>
						<line number="3492" hits="0"/>
						<line number="3493" hits="0"/>
						<line number="3494" hits="0"/>
						<line number="3499" hits="0"/>
						<line number="3504" hits="1"/>
						<line number="3505" hits="1"/>
						<line number="3514" hits="1"/>
						<line number="3520" hits="0"/>
						<line number="3535" hits="0"/>
						<line number="3540" hits="0"/>
						<line number="3549" hits="1"/>
						<line number="3564" hits="1"/>
						<line number="3573" hits="0"/>
						<line number="3574" hits="0"/>
						<line number="3575" hits="0"/>
						<line number="3577" hits="0"/>
						<line number="3602" hits="1"/>
						<line number="3616" hits="1"/>
						<line number="3628" hits="0"/>
						<line number="3629" hits="0"/>
						<line number="3632" hits="0"/>
						<line number="3633" hits="0"/>
						<line number="3634" hits="0"/>
						<line number="3639" hits="0"/>
						<line number="3640" hits="0"/>
						<line number="3641" hits="0"/>
						<line number="3642" hits="0"/>
						<line number="3643" hits="0"/>
						<line number="3644" hits="0"/>
						<line number="3651" hits="0"/>
						<line number="3652" hits="0"/>
						<line number="3655" hits="0"/>
						<line number="3656" hits="0"/>
						<line number="3657" hits="0"/>
						<line number="3658" hits="0"/>
						<line number="3661" hits="0"/>
						<line number="3662" hits="0"/>
						<line number="3663" hits="0"/>
						<line number="3665" hits="0"/>
						<line number="3672" hits="0"/>
						<line number="3673" hits="0"/>
						<line number="3675" hits="0"/>
						<line number="3676" hits="0"/>
						<line number="3677" hits="0"/>
						<line number="3678" hits="0"/>
						<line number="3679" hits="0"/>
						<line number="3680" hits="0"/>
						<line number="3681" hits="0"/>
						<line number="3682" hits="0"/>
						<line number="3683" hits="0"/>
						<line number="3684" hits="0"/>
						<line number="3687" hits="0"/>
						<line number="3688" hits="0"/>
						<line number="3689" hits="0"/>
						<line number="3690" hits="0"/>
						<line number="3693" hits="0"/>
						<line number="3694" hits="0"/>
						<line number="3696" hits="0"/>
						<line number="3712" hits="1"/>
						<line number="3713" hits="1"/>
						<line number="3721" hits="1"/>
						<line number="3722" hits="1"/>
						<line number="3723" hits="1"/>
						<line number="3724" hits="1"/>
						<line number="3725" hits="1"/>
						<line number="3726" hits="1"/>
						<line number="3727" hits="1"/>
						<line number="3728" hits="1"/>
						<line number="3729" hits="1"/>
						<line number="3730" hits="1"/>
						<line number="3733" hits="1"/>
						<line number="3734" hits="1"/>
						<line number="3735" hits="1"/>
						<line number="3749" hits="1"/>
						<line number="3754" hits="1"/>
						<line number="3756" hits="0"/>
						<line number="3757" hits="0"/>
						<line number="3758" hits="0"/>
						<line number="3759" hits="0"/>
						<line number="3760" hits="0"/>
						<line number="3763" hits="0"/>
						<line number="3764" hits="0"/>
						<line number="3765" hits="0"/>
						<line number="3766" hits="0"/>
						<line number="3767" hits="0"/>
						<line number="3768" hits="0"/>
						<line number="3769" hits="0"/>
						<line number="3770" hits="0"/>
						<line number="3771" hits="0"/>
						<line number="3773" hits="0"/>
						<line number="3774" hits="0"/>
						<line number="3777" hits="0"/>
						<line number="3778" hits="0"/>
						<line number="3779" hits="0"/>
						<line number="3780" hits="0"/>
						<line number="3781" hits="0"/>
						<line number="3782" hits="0"/>
						<line number="3783" hits="0"/>
						<line number="3784" hits="0"/>
						<line number="3785" hits="0"/>
						<line number="3786" hits="0"/>
						<line number="3789" hits="0"/>
						<line number="3790" hits="0"/>
						<line number="3791" hits="0"/>
						<line number="3792" hits="0"/>
						<line number="3793" hits="0"/>
						<line number="3794" hits="0"/>
						<line number="3796" hits="0"/>
						<line number="3799" hits="0"/>
						<line number="3800" hits="0"/>
						<line number="3801" hits="0"/>
						<line number="3802" hits="0"/>
						<line number="3803" hits="0"/>
						<line number="3804" hits="0"/>
						<line number="3805" hits="0"/>
						<line number="3806" hits="0"/>
						<line number="3807" hits="0"/>
						<line number="3810" hits="0"/>
						<line number="3811" hits="0"/>
						<line number="3812" hits="0"/>
						<line number="3813" hits="0"/>
						<line number="3814" hits="0"/>
						<line number="3815" hits="0"/>
						<line number="3816" hits="0"/>
						<line number="3817" hits="0"/>
						<line number="3818" hits="0"/>
						<line number="3819" hits="0"/>
						<line number="3820" hits="0"/>
						<line number="3823" hits="0"/>
						<line number="3824" hits="0"/>
						<line number="3825" hits="0"/>
						<line number="3826" hits="0"/>
						<line number="3827" hits="0"/>
						<line number="3829" hits="0"/>
						<line number="3843" hits="0"/>
						<line number="3846" hits="0"/>
						<line number="3859" hits="1"/>
						<line number="3865" hits="1"/>
						<line number="3866" hits="1"/>
						<line number="3869" hits="1"/>
						<line number="3884" hits="1"/>
						<line number="3887" hits="1"/>
						<line number="3897" hits="1"/>
						<line number="3900" hits="1"/>
						<line number="3901" hits="1"/>
						<line number="3902" hits="1"/>
						<line number="3903" hits="0"/>
						<line number="3904" hits="0"/>
						<line number="3905" hits="0"/>
						<line number="3906" hits="0"/>
						<line number="3907" hits="0"/>
						<line number="3908" hits="0"/>
						<line number="3910" hits="0"/>
						<line number="3911" hits="0"/>
						<line number="3913" hits="1"/>
						<line number="3922" hits="1"/>
						<line number="3927" hits="1"/>
						<line number="3931" hits="1"/>
						<line number="3951" hits="1"/>
						<line number="3952" hits="1"/>
						<line number="3953" hits="1"/>
						<line number="3954" hits="1"/>
						<line number="3955" hits="1"/>
						<line number="3956" hits="1"/>
						<line number="3957" hits="1"/>
						<line number="3958" hits="1"/>
						<line number="3959" hits="1"/>
						<line number="3960" hits="1"/>
						<line number="3961" hits="0"/>
						<line number="3962" hits="0"/>
						<line number="3964" hits="1"/>
						<line number="3965" hits="1"/>
						<line number="3967" hits="1"/>
						<line number="3968" hits="0"/>
						<line number="3969" hits="1"/>
						<line number="3970" hits="1"/>
						<line number="3971" hits="1"/>
						<line number="3972" hits="0"/>
						<line number="3973" hits="1"/>
						<line number="3974" hits="0"/>
						<line number="3975" hits="1"/>
						<line number="3976" hits="0"/>
						<line number="3977" hits="1"/>
						<line number="3978" hits="0"/>
						<line number="3979" hits="1"/>
						<line number="3980" hits="0"/>
						<line number="3981" hits="1"/>
						<line number="3982" hits="0"/>
						<line number="3983" hits="1"/>
						<line number="3984" hits="0"/>
						<line number="3985" hits="1"/>
						<line number="3986" hits="0"/>
						<line number="3987" hits="1"/>
						<line number="3988" hits="0"/>
						<line number="3991" hits="1"/>
						<line number="3992" hits="0"/>
						<line number="3993" hits="0"/>
						<line number="3994" hits="0"/>
						<line number="3995" hits="0"/>
						<line number="3996" hits="0"/>
						<line number="3998" hits="1"/>
						<line number="3999" hits="1"/>
						<line number="4001" hits="1"/>
						<line number="4008" hits="1"/>
						<line number="4022" hits="1"/>
						<line number="4024" hits="1"/>
						<line number="4077" hits="1"/>
						<line number="4078" hits="1"/>
						<line number="4090" hits="1"/>
						<line number="4091" hits="1"/>
						<line number="4092" hits="1"/>
						<line number="4093" hits="1"/>
						<line number="4094" hits="1"/>
						<line number="4096" hits="1"/>
						<line number="4097" hits="1"/>
						<line number="4098" hits="1"/>
						<line number="4099" hits="1"/>
						<line number="4101" hits="1"/>
						<line number="4102" hits="1"/>
						<line number="4103" hits="1"/>
						<line number="4104" hits="1"/>
						<line number="4107" hits="1"/>
						<line number="4110" hits="1"/>
						<line number="4111" hits="1"/>
						<line number="4112" hits="1"/>
						<line number="4115" hits="1"/>
						<line number="4116" hits="1"/>
						<line number="4117" hits="1"/>
						<line number="4124" hits="1"/>
						<line number="4125" hits="1"/>
						<line number="4126" hits="1"/>
						<line number="4127" hits="1"/>
						<line number="4128" hits="1"/>
						<line number="4129" hits="1"/>
						<line number="4130" hits="1"/>
						<line number="4131" hits="1"/>
						<line number="4132" hits="1"/>
						<line number="4135" hits="1"/>
						<line number="4136" hits="1"/>
						<line number="4137" hits="0"/>
						<line number="4138" hits="0"/>
						<line number="4139" hits="0"/>
						<line number="4140" hits="1"/>
						<line number="4141" hits="0"/>
						<line number="4142" hits="0"/>
						<line number="4143" hits="0"/>
						<line number="4144" hits="0"/>
						<line number="4145" hits="1"/>
						<line number="4146" hits="0"/>
						<line number="4147" hits="0"/>
						<line number="4148" hits="0"/>
						<line number="4149" hits="0"/>
						<line number="4150" hits="1"/>
						<line number="4153" hits="0"/>
						<line number="4154" hits="0"/>
						<line number="4155" hits="0"/>
						<line number="4156" hits="1"/>
						<line number="4157" hits="0"/>
						<line number="4158" hits="0"/>
						<line number="4159" hits="0"/>
						<line number="4160" hits="0"/>
						<line number="4161" hits="1"/>
						<line number="4162" hits="1"/>
						<line number="4163" hits="1"/>
						<line number="4164" hits="1"/>
						<line number="4165" hits="0"/>
						<line number="4166" hits="0"/>
						<line number="4167" hits="0"/>
						<line number="4168" hits="0"/>
						<line number="4170" hits="0"/>
						<line number="4171" hits="0"/>
						<line number="4172" hits="0"/>
						<line number="4174" hits="1"/>
						<line number="4182" hits="1"/>
						<line number="4183" hits="1"/>
						<line number="4192" hits="1"/>
						<line number="4210" hits="1"/>
						<line number="4211" hits="1"/>
						<line number="4224" hits="0"/>
						<line number="4225" hits="0"/>
						<line number="4226" hits="0"/>
						<line number="4227" hits="0"/>
						<line number="4228" hits="0"/>
						<line number="4231" hits="0"/>
						<line number="4232" hits="0"/>
						<line number="4233" hits="0"/>
						<line number="4236" hits="0"/>
						<line number="4237" hits="0"/>
						<line number="4238" hits="0"/>
						<line number="4241" hits="0"/>
						<line number="4244" hits="0"/>
						<line number="4253" hits="0"/>
						<line number="4254" hits="0"/>
						<line number="4255" hits="0"/>
						<line number="4256" hits="0"/>
						<line number="4257" hits="0"/>
						<line number="4258" hits="0"/>
						<line number="4259" hits="0"/>
						<line number="4262" hits="0"/>
						<line number="4263" hits="0"/>
						<line number="4264" hits="0"/>
						<line number="4265" hits="0"/>
						<line number="4266" hits="0"/>
						<line number="4268" hits="0"/>
						<line number="4269" hits="0"/>
						<line number="4271" hits="0"/>
						<line number="4274" hits="0"/>
						<line number="4275" hits="0"/>
						<line number="4290" hits="0"/>
						<line number="4292" hits="0"/>
						<line number="4293" hits="0"/>
						<line number="4294" hits="0"/>
						<line number="4295" hits="0"/>
						<line number="4296" hits="0"/>
						<line number="4298" hits="0"/>
						<line number="4299" hits="0"/>
						<line number="4300" hits="0"/>
						<line number="4301" hits="0"/>
						<line number="4302" hits="0"/>
						<line number="4303" hits="0"/>
						<line number="4305" hits="0"/>
						<line number="4306" hits="0"/>
						<line number="4310" hits="0"/>
						<line number="4312" hits="0"/>
						<line number="4313" hits="0"/>
						<line number="4315" hits="0"/>
						<line number="4316" hits="0"/>
						<line number="4317" hits="0"/>
						<line number="4318" hits="0"/>
						<line number="4319" hits="0"/>
						<line number="4323" hits="0"/>
						<line number="4352" hits="1"/>
						<line number="4353" hits="1"/>
						<line number="4369" hits="1"/>
						<line number="4370" hits="1"/>
						<line number="4371" hits="1"/>
						<line number="4372" hits="1"/>
						<line number="4373" hits="1"/>
						<line number="4376" hits="1"/>
						<line number="4377" hits="1"/>
						<line number="4378" hits="1"/>
						<line number="4381" hits="1"/>
						<line number="4382" hits="1"/>
						<line number="4394" hits="1"/>
						<line number="4395" hits="1"/>
						<line number="4396" hits="1"/>
						<line number="4397" hits="1"/>
						<line number="4399" hits="1"/>
						<line number="4400" hits="1"/>
						<line number="4401" hits="1"/>
						<line number="4402" hits="1"/>
						<line number="4406" hits="1"/>
						<line number="4407" hits="1"/>
						<line number="4408" hits="1"/>
						<line number="4409" hits="1"/>
						<line number="4410" hits="1"/>
						<line number="4411" hits="1"/>
						<line number="4412" hits="1"/>
						<line number="4413" hits="1"/>
						<line number="4414" hits="0"/>
						<line number="4415" hits="0"/>
						<line number="4416" hits="0"/>
						<line number="4417" hits="0"/>
						<line number="4419" hits="0"/>
						<line number="4420" hits="0"/>
						<line number="4421" hits="0"/>
						<line number="4424" hits="1"/>
						<line number="4425" hits="1"/>
						<line number="4426" hits="1"/>
						<line number="4429" hits="1"/>
						<line number="4436" hits="1"/>
						<line number="4438" hits="1"/>
						<line number="4449" hits="1"/>
						<line number="4450" hits="1"/>
						<line number="4451" hits="0"/>
						<line number="4452" hits="1"/>
						<line number="4453" hits="1"/>
						<line number="4454" hits="1"/>
						<line number="4455" hits="0"/>
						<line number="4456" hits="1"/>
						<line number="4457" hits="0"/>
						<line number="4458" hits="1"/>
						<line number="4459" hits="0"/>
						<line number="4460" hits="1"/>
						<line number="4461" hits="1"/>
						<line number="4464" hits="1"/>
						<line number="4470" hits="1"/>
						<line number="4478" hits="1"/>
						<line number="4493" hits="1"/>
						<line number="4512" hits="0"/>
						<line number="4522" hits="0"/>
						<line number="4523" hits="0"/>
						<line number="4524" hits="0"/>
						<line number="4526" hits="0"/>
						<line number="4528" hits="0"/>
						<line number="4529" hits="0"/>
						<line number="4530" hits="0"/>
						<line number="4531" hits="0"/>
						<line number="4532" hits="0"/>
						<line number="4535" hits="0"/>
						<line number="4536" hits="0"/>
						<line number="4537" hits="0"/>
						<line number="4538" hits="0"/>
						<line number="4541" hits="0"/>
						<line number="4542" hits="0"/>
						<line number="4555" hits="0"/>
						<line number="4556" hits="0"/>
						<line number="4557" hits="0"/>
						<line number="4558" hits="0"/>
						<line number="4559" hits="0"/>
						<line number="4560" hits="0"/>
						<line number="4561" hits="0"/>
						<line number="4563" hits="0"/>
						<line number="4575" hits="1"/>
						<line number="4584" hits="1"/>
						<line number="4585" hits="1"/>
						<line number="4586" hits="1"/>
						<line number="4587" hits="1"/>
						<line number="4588" hits="1"/>
						<line number="4590" hits="1"/>
						<line number="4591" hits="1"/>
						<line number="4592" hits="1"/>
						<line number="4594" hits="1"/>
						<line number="4595" hits="1"/>
						<line number="4596" hits="1"/>
						<line number="4598" hits="1"/>
						<line number="4599" hits="1"/>
						<line number="4601" hits="1"/>
						<line number="4602" hits="1"/>
						<line number="4603" hits="1"/>
						<line number="4604" hits="1"/>
						<line number="4605" hits="1"/>
						<line number="4606" hits="0"/>
						<line number="4607" hits="0"/>
						<line number="4608" hits="0"/>
						<line number="4609" hits="0"/>
						<line number="4610" hits="0"/>
						<line number="4611" hits="0"/>
						<line number="4612" hits="0"/>
						<line number="4613" hits="0"/>
						<line number="4614" hits="0"/>
						<line number="4615" hits="0"/>
						<line number="4617" hits="0"/>
						<line number="4618" hits="0"/>
						<line number="4619" hits="0"/>
						<line number="4620" hits="0"/>
						<line number="4622" hits="1"/>
						<line number="4623" hits="1"/>
						<line number="4624" hits="0"/>
						<line number="4625" hits="1"/>
						<line number="4626" hits="0"/>
						<line number="4627" hits="1"/>
						<line number="4628" hits="0"/>
						<line number="4629" hits="1"/>
						<line number="4630" hits="0"/>
						<line number="4631" hits="1"/>
						<line number="4632" hits="0"/>
						<line number="4634" hits="1"/>
						<line number="4649" hits="1"/>
						<line number="4650" hits="1"/>
						<line number="4669" hits="1"/>
						<line number="4670" hits="1"/>
						<line number="4671" hits="1"/>
						<line number="4673" hits="1"/>
						<line number="4676" hits="1"/>
						<line number="4677" hits="0"/>
						<line number="4680" hits="1"/>
						<line number="4681" hits="1"/>
						<line number="4682" hits="0"/>
						<line number="4683" hits="0"/>
						<line number="4684" hits="0"/>
						<line number="4685" hits="0"/>
						<line number="4687" hits="0"/>
						<line number="4688" hits="1"/>
						<line number="4689" hits="1"/>
						<line number="4691" hits="1"/>
						<line number="4692" hits="1"/>
						<line number="4693" hits="1"/>
						<line number="4696" hits="1"/>
						<line number="4697" hits="1"/>
						<line number="4698" hits="1"/>
						<line number="4699" hits="1"/>
						<line number="4701" hits="1"/>
						<line number="4715" hits="1"/>
						<line number="4736" hits="1"/>
						<line number="4738" hits="1"/>
						<line number="4746" hits="1"/>
						<line number="4747" hits="1"/>
						<line number="4750" hits="1"/>
						<line number="4762" hits="1"/>
						<line number="4763" hits="1"/>
						<line number="4764" hits="1"/>
						<line number="4766" hits="1"/>
						<line number="4777" hits="1"/>
						<line number="4779" hits="1"/>
						<line number="4780" hits="1"/>
						<line number="4781" hits="1"/>
						<line number="4784" hits="1"/>
						<line number="4785" hits="1"/>
						<line number="4786" hits="1"/>
						<line number="4787" hits="1"/>
						<line number="4788" hits="1"/>
						<line number="4789" hits="0"/>
						<line number="4790" hits="0"/>
						<line number="4794" hits="1"/>
						<line number="4795" hits="0"/>
						<line number="4796" hits="1"/>
						<line number="4797" hits="1"/>
						<line number="4798" hits="0"/>
						<line number="4799" hits="0"/>
						<line number="4801" hits="0"/>
						<line number="4803" hits="1"/>
						<line number="4805" hits="1"/>
						<line number="4818" hits="1"/>
						<line number="4819" hits="1"/>
						<line number="4829" hits="1"/>
						<line number="4830" hits="1"/>
						<line number="4831" hits="1"/>
						<line number="4832" hits="1"/>
						<line number="4833" hits="1"/>
						<line number="4836" hits="1"/>
						<line number="4837" hits="0"/>
						<line number="4838" hits="0"/>
						<line number="4841" hits="1"/>
						<line number="4842" hits="0"/>
						<line number="4843" hits="0"/>
						<line number="4846" hits="1"/>
						<line number="4847" hits="0"/>
						<line number="4848" hits="0"/>
						<line number="4849" hits="1"/>
						<line number="4850" hits="0"/>
						<line number="4851" hits="0"/>
						<line number="4852" hits="1"/>
						<line number="4853" hits="0"/>
						<line number="4854" hits="0"/>
						<line number="4855" hits="1"/>
						<line number="4856" hits="0"/>
						<line number="4857" hits="0"/>
						<line number="4859" hits="1"/>
						<line number="4860" hits="1"/>
						<line number="4864" hits="1"/>
						<line number="4897" hits="1"/>
						<line number="4902" hits="1"/>
						<line number="4907" hits="1"/>
						<line number="4908" hits="1"/>
						<line number="4915" hits="1"/>
						<line number="4916" hits="1"/>
						<line number="4917" hits="1"/>
						<line number="4927" hits="1"/>
						<line number="4928" hits="1"/>
						<line number="4929" hits="1"/>
						<line number="4930" hits="1"/>
						<line number="4931" hits="1"/>
						<line number="4934" hits="1"/>
						<line number="4939" hits="1"/>
						<line number="4940" hits="1"/>
						<line number="4947" hits="1"/>
						<line number="4948" hits="1"/>
						<line number="4951" hits="1"/>
						<line number="4953" hits="1"/>
						<line number="4955" hits="1"/>
						<line number="4956" hits="1"/>
						<line number="4966" hits="1"/>
						<line number="4968" hits="1"/>
						<line number="4969" hits="1"/>
						<line number="4970" hits="1"/>
						<line number="4981" hits="0"/>
						<line number="4986" hits="1"/>
						<line number="4987" hits="1"/>
						<line number="5001" hits="1"/>
						<line number="5002" hits="1"/>
						<line number="5003" hits="1"/>
						<line number="5006" hits="1"/>
						<line number="5007" hits="0"/>
						<line number="5008" hits="0"/>
						<line number="5009" hits="0"/>
						<line number="5010" hits="0"/>
						<line number="5017" hits="0"/>
						<line number="5020" hits="1"/>
						<line number="5021" hits="1"/>
						<line number="5037" hits="1"/>
						<line number="5038" hits="1"/>
						<line number="5039" hits="1"/>
						<line number="5040" hits="1"/>
						<line number="5041" hits="1"/>
						<line number="5042" hits="1"/>
						<line number="5043" hits="1"/>
						<line number="5044" hits="0"/>
						<line number="5045" hits="0"/>
						<line number="5046" hits="0"/>
						<line number="5047" hits="0"/>
						<line number="5052" hits="0"/>
						<line number="5053" hits="0"/>
						<line number="5057" hits="1"/>
						<line number="5058" hits="0"/>
						<line number="5061" hits="1"/>
						<line number="5062" hits="1"/>
						<line number="5076" hits="1"/>
						<line number="5077" hits="1"/>
						<line number="5078" hits="1"/>
						<line number="5079" hits="1"/>
						<line number="5080" hits="1"/>
						<line number="5081" hits="1"/>
						<line number="5082" hits="1"/>
						<line number="5083" hits="0"/>
						<line number="5084" hits="0"/>
						<line number="5086" hits="0"/>
						<line number="5087" hits="0"/>
						<line number="5088" hits="0"/>
						<line number="5089" hits="1"/>
						<line number="5090" hits="0"/>
						<line number="5093" hits="0"/>
						<line number="5094" hits="0"/>
						<line number="5095" hits="0"/>
						<line number="5101" hits="0"/>
						<line number="5102" hits="0"/>
						<line number="5108" hits="0"/>
						<line number="5109" hits="0"/>
						<line number="5115" hits="0"/>
						<line number="5116" hits="0"/>
						<line number="5122" hits="0"/>
						<line number="5124" hits="0"/>
						<line number="5129" hits="1"/>
						<line number="5130" hits="1"/>
						<line number="5136" hits="1"/>
						<line number="5137" hits="1"/>
						<line number="5138" hits="0"/>
						<line number="5139" hits="1"/>
						<line number="5140" hits="1"/>
						<line number="5141" hits="1"/>
						<line number="5142" hits="1"/>
						<line number="5143" hits="1"/>
						<line number="5144" hits="1"/>
						<line number="5148" hits="1"/>
						<line number="5149" hits="1"/>
						<line number="5155" hits="1"/>
						<line number="5159" hits="1"/>
						<line number="5160" hits="1"/>
						<line number="5170" hits="1"/>
						<line number="5171" hits="1"/>
						<line number="5172" hits="0"/>
						<line number="5173" hits="1"/>
						<line number="5174" hits="0"/>
						<line number="5175" hits="1"/>
						<line number="5176" hits="1"/>
						<line number="5177" hits="0"/>
						<line number="5180" hits="1"/>
						<line number="5181" hits="0"/>
						<line number="5186" hits="1"/>
						<line number="5187" hits="1"/>
						<line number="5197" hits="1"/>
						<line number="5198" hits="1"/>
						<line number="5199" hits="1"/>
						<line number="5204" hits="0"/>
						<line number="5210" hits="1"/>
						<line number="5211" hits="1"/>
						<line number="5212" hits="1"/>
						<line number="5216" hits="1"/>
						<line number="5217" hits="1"/>
						<line number="5226" hits="1"/>
						<line number="5232" hits="1"/>
						<line number="5233" hits="1"/>
						<line number="5241" hits="1"/>
						<line number="5248" hits="1"/>
						<line number="5249" hits="1"/>
						<line number="5259" hits="1"/>
						<line number="5260" hits="1"/>
						<line number="5261" hits="1"/>
						<line number="5262" hits="1"/>
						<line number="5263" hits="1"/>
						<line number="5264" hits="0"/>
						<line number="5265" hits="0"/>
						<line number="5266" hits="0"/>
						<line number="5267" hits="0"/>
						<line number="5269" hits="0"/>
						<line number="5271" hits="1"/>
						<line number="5273" hits="1"/>
						<line number="5286" hits="0"/>
						<line number="5291" hits="1"/>
						<line number="5292" hits="1"/>
						<line number="5302" hits="1"/>
						<line number="5303" hits="1"/>
						<line number="5304" hits="1"/>
						<line number="5312" hits="1"/>
						<line number="5317" hits="1"/>
						<line number="5318" hits="0"/>
						<line number="5319" hits="0"/>
						<line number="5320" hits="0"/>
						<line number="5325" hits="0"/>
						<line number="5340" hits="1"/>
						<line number="5350" hits="1"/>
						<line number="5351" hits="1"/>
						<line number="5352" hits="1"/>
						<line number="5354" hits="1"/>
						<line number="5487" hits="1"/>
						<line number="5515" hits="1"/>
						<line number="5532" hits="1"/>
						<line number="5533" hits="1"/>
						<line number="5536" hits="1"/>
						<line number="5537" hits="0"/>
						<line number="5538" hits="0"/>
						<line number="5541" hits="0"/>
						<line number="5542" hits="0"/>
						<line number="5543" hits="0"/>
						<line number="5544" hits="0"/>
						<line number="5546" hits="0"/>
						<line number="5547" hits="0"/>
						<line number="5549" hits="0"/>
						<line number="5550" hits="0"/>
						<line number="5553" hits="1"/>
						<line number="5554" hits="1"/>
						<line number="5555" hits="1"/>
						<line number="5556" hits="1"/>
						<line number="5557" hits="1"/>
						<line number="5558" hits="1"/>
						<line number="5559" hits="1"/>
						<line number="5560" hits="1"/>
						<line number="5561" hits="1"/>
						<line number="5563" hits="1"/>
						<line number="5564" hits="1"/>
						<line number="5568" hits="1"/>
						<line number="5571" hits="0"/>
						<line number="5573" hits="1"/>
						<line number="5576" hits="0"/>
						<line number="5578" hits="1"/>
						<line number="5581" hits="0"/>
						<line number="5583" hits="1"/>
						<line number="5584" hits="1"/>
						<line number="5585" hits="1"/>
						<line number="5596" hits="1"/>
						<line number="5614" hits="1"/>
						<line number="5624" hits="1"/>
						<line number="5625" hits="1"/>
						<line number="5627" hits="1"/>
						<line number="5689" hits="1"/>
						<line number="5690" hits="1"/>
						<line number="5692" hits="1"/>
						<line number="5693" hits="1"/>
						<line number="5694" hits="1"/>
						<line number="5695" hits="1"/>
						<line number="5699" hits="0"/>
						<line number="5700" hits="0"/>
						<line number="5701" hits="0"/>
						<line number="5702" hits="0"/>
						<line number="5706" hits="0"/>
						<line number="5707" hits="0"/>
						<line number="5708" hits="0"/>
						<line number="5709" hits="0"/>
						<line number="5711" hits="0"/>
						<line number="5712" hits="0"/>
						<line number="5713" hits="0"/>
						<line number="5715" hits="1"/>
						<line number="5717" hits="1"/>
						<line number="5734" hits="1"/>
						<line number="5744" hits="1"/>
						<line number="5754" hits="1"/>
						<line number="5756" hits="1"/>
						<line number="5757" hits="1"/>
						<line number="5758" hits="0"/>
						<line number="5759" hits="0"/>
						<line number="5760" hits="0"/>
						<line number="5761" hits="0"/>
						<line number="5763" hits="1"/>
						<line number="5764" hits="1"/>
						<line number="5765" hits="1"/>
						<line number="5766" hits="1"/>
						<line number="5768" hits="1"/>
						<line number="5780" hits="1"/>
						<line number="5797" hits="0"/>
						<line number="5799" hits="0"/>
						<line number="5820" hits="1"/>
						<line number="5830" hits="1"/>
						<line number="5831" hits="1"/>
						<line number="5833" hits="1"/>
						<line number="5834" hits="1"/>
						<line number="5835" hits="1"/>
						<line number="5836" hits="1"/>
						<line number="5837" hits="1"/>
						<line number="5838" hits="1"/>
						<line number="5840" hits="1"/>
						<line number="5841" hits="1"/>
						<line number="5842" hits="1"/>
						<line number="5843" hits="1"/>
						<line number="5844" hits="1"/>
						<line number="5845" hits="1"/>
						<line number="5847" hits="1"/>
						<line number="5848" hits="1"/>
						<line number="5849" hits="1"/>
						<line number="5850" hits="0"/>
						<line number="5852" hits="1"/>
						<line number="5853" hits="1"/>
						<line number="5854" hits="1"/>
						<line number="5855" hits="1"/>
						<line number="5856" hits="0"/>
						<line number="5857" hits="0"/>
						<line number="5858" hits="0"/>
						<line number="5859" hits="0"/>
						<line number="5860" hits="0"/>
						<line number="5861" hits="0"/>
						<line number="5863" hits="0"/>
						<line number="5864" hits="0"/>
						<line number="5866" hits="1"/>
						<line number="5880" hits="1"/>
						<line number="5889" hits="1"/>
						<line number="5890" hits="1"/>
						<line number="5891" hits="1"/>
						<line number="5892" hits="1"/>
						<line number="5894" hits="1"/>
						<line number="5895" hits="1"/>
						<line number="5896" hits="1"/>
						<line number="5899" hits="1"/>
						<line number="5900" hits="1"/>
						<line number="5902" hits="1"/>
						<line number="5904" hits="1"/>
						<line number="5905" hits="1"/>
						<line number="5906" hits="1"/>
						<line number="5908" hits="1"/>
						<line number="5909" hits="1"/>
						<line number="5910" hits="1"/>
						<line number="5911" hits="0"/>
						<line number="5912" hits="0"/>
						<line number="5913" hits="0"/>
						<line number="5915" hits="0"/>
						<line number="5916" hits="0"/>
						<line number="5918" hits="1"/>
						<line number="5930" hits="1"/>
						<line number="5939" hits="1"/>
						<line number="5940" hits="0"/>
						<line number="5941" hits="1"/>
						<line number="5942" hits="0"/>
						<line number="5944" hits="1"/>
						<line number="5946" hits="1"/>
						<line number="5947" hits="0"/>
						<line number="5948" hits="0"/>
						<line number="5949" hits="0"/>
						<line number="5950" hits="0"/>
						<line number="5951" hits="0"/>
						<line number="5952" hits="0"/>
						<line number="5954" hits="0"/>
						<line number="5955" hits="0"/>
						<line number="5959" hits="1"/>
						<line number="5960" hits="1"/>
						<line number="5962" hits="1"/>
						<line number="5975" hits="1"/>
						<line number="5984" hits="1"/>
						<line number="5985" hits="0"/>
						<line number="5986" hits="1"/>
						<line number="5987" hits="0"/>
						<line number="5989" hits="1"/>
						<line number="5990" hits="0"/>
						<line number="5991" hits="0"/>
						<line number="5992" hits="0"/>
						<line number="5993" hits="0"/>
						<line number="5994" hits="0"/>
						<line number="5995" hits="0"/>
						<line number="5996" hits="0"/>
						<line number="5998" hits="0"/>
						<line number="5999" hits="0"/>
						<line number="6001" hits="1"/>
						<line number="6002" hits="1"/>
						<line number="6004" hits="1"/>
						<line number="6017" hits="1"/>
						<line number="6030" hits="1"/>
						<line number="6033" hits="1"/>
						<line number="6034" hits="1"/>
						<line number="6035" hits="1"/>
						<line number="6036" hits="1"/>
						<line number="6038" hits="1"/>
						<line number="6039" hits="1"/>
						<line number="6040" hits="0"/>
						<line number="6043" hits="1"/>
						<line number="6044" hits="0"/>
						<line number="6046" hits="0"/>
						<line number="6048" hits="0"/>
						<line number="6049" hits="0"/>
						<line number="6051" hits="0"/>
						<line number="6052" hits="0"/>
						<line number="6053" hits="0"/>
						<line number="6054" hits="0"/>
						<line number="6055" hits="0"/>
						<line number="6056" hits="0"/>
						<line number="6058" hits="0"/>
						<line number="6059" hits="0"/>
						<line number="6063" hits="1"/>
						<line number="6064" hits="1"/>
						<line number="6065" hits="1"/>
						<line number="6067" hits="1"/>
						<line number="6084" hits="1"/>
						<line number="6097" hits="0"/>
						<line number="6104" hits="0"/>
						<line number="6105" hits="0"/>
						<line number="6106" hits="0"/>
						<line number="6108" hits="0"/>
						<line number="6109" hits="0"/>
						<line number="6110" hits="0"/>
						<line number="6111" hits="0"/>
						<line number="6112" hits="0"/>
						<line number="6113" hits="0"/>
						<line number="6114" hits="0"/>
						<line number="6115" hits="0"/>
						<line number="6116" hits="0"/>
						<line number="6117" hits="0"/>
						<line number="6119" hits="0"/>
						<line number="6121" hits="0"/>
						<line number="6129" hits="0"/>
						<line number="6147" hits="1"/>
						<line number="6158" hits="1"/>
						<line number="6159" hits="1"/>
						<line number="6167" hits="1"/>
						<line number="6168" hits="1"/>
						<line number="6170" hits="1"/>
						<line number="6186" hits="1"/>
						<line number="6197" hits="0"/>
						<line number="6198" hits="0"/>
						<line number="6199" hits="0"/>
						<line number="6200" hits="0"/>
						<line number="6202" hits="0"/>
						<line number="6203" hits="0"/>
						<line number="6204" hits="0"/>
						<line number="6205" hits="0"/>
						<line number="6206" hits="0"/>
						<line number="6208" hits="0"/>
						<line number="6209" hits="0"/>
						<line number="6210" hits="0"/>
						<line number="6211" hits="0"/>
						<line number="6212" hits="0"/>
						<line number="6213" hits="0"/>
						<line number="6214" hits="0"/>
						<line number="6216" hits="0"/>
						<line number="6217" hits="0"/>
						<line number="6218" hits="0"/>
						<line number="6219" hits="0"/>
						<line number="6220" hits="0"/>
						<line number="6221" hits="0"/>
						<line number="6222" hits="0"/>
						<line number="6224" hits="0"/>
						<line number="6226" hits="0"/>
						<line number="6227" hits="0"/>
						<line number="6228" hits="0"/>
						<line number="6229" hits="0"/>
						<line number="6230" hits="0"/>
						<line number="6231" hits="0"/>
						<line number="6232" hits="0"/>
						<line number="6233" hits="0"/>
						<line number="6234" hits="0"/>
						<line number="6236" hits="0"/>
						<line number="6237" hits="0"/>
						<line number="6239" hits="0"/>
						<line number="6240" hits="0"/>
						<line number="6241" hits="0"/>
						<line number="6242" hits="0"/>
						<line number="6243" hits="0"/>
						<line number="6244" hits="0"/>
						<line number="6245" hits="0"/>
						<line number="6246" hits="0"/>
						<line number="6247" hits="0"/>
						<line number="6249" hits="0"/>
						<line number="6266" hits="1"/>
						<line number="6277" hits="0"/>
						<line number="6278" hits="0"/>
						<line number="6279" hits="0"/>
						<line number="6280" hits="0"/>
						<line number="6281" hits="0"/>
						<line number="6282" hits="0"/>
						<line number="6284" hits="0"/>
						<line number="6285" hits="0"/>
						<line number="6286" hits="0"/>
						<line number="6287" hits="0"/>
						<line number="6288" hits="0"/>
						<line number="6289" hits="0"/>
[...]
						<line number="147" hits="1"/>
						<line number="148" hits="1"/>
						<line number="149" hits="1"/>
						<line number="150" hits="1"/>
						<line number="151" hits="1"/>
						<line number="162" hits="1"/>
						<line number="165" hits="1"/>
						<line number="166" hits="1"/>
						<line number="169" hits="1"/>
						<line number="172" hits="1"/>
						<line number="173" hits="1"/>
						<line number="179" hits="1"/>
						<line number="183" hits="1"/>
						<line number="194" hits="1"/>
						<line number="197" hits="1"/>
						<line number="198" hits="1"/>
						<line number="201" hits="1"/>
						<line number="204" hits="1"/>
						<line number="207" hits="1"/>
						<line number="210" hits="1"/>
						<line number="213" hits="1"/>
						<line number="217" hits="1"/>
						<line number="225" hits="1"/>
						<line number="228" hits="1"/>
						<line number="229" hits="1"/>
						<line number="230" hits="1"/>
						<line number="234" hits="1"/>
						<line number="237" hits="1"/>
						<line number="243" hits="1"/>
						<line number="247" hits="1"/>
						<line number="251" hits="1"/>
						<line number="262" hits="1"/>
						<line number="265" hits="1"/>
						<line number="266" hits="1"/>
						<line number="269" hits="1"/>
						<line number="270" hits="1"/>
						<line number="273" hits="1"/>
						<line number="274" hits="1"/>
						<line number="285" hits="1"/>
						<line number="288" hits="1"/>
						<line number="289" hits="1"/>
						<line number="296" hits="1"/>
						<line number="299" hits="1"/>
						<line number="302" hits="1"/>
						<line number="306" hits="1"/>
						<line number="310" hits="1"/>
						<line number="313" hits="1"/>
						<line number="316" hits="1"/>
						<line number="326" hits="1"/>
						<line number="329" hits="1"/>
						<line number="332" hits="1"/>
						<line number="335" hits="1"/>
						<line number="339" hits="1"/>
						<line number="343" hits="1"/>
						<line number="346" hits="1"/>
						<line number="357" hits="1"/>
						<line number="360" hits="1"/>
						<line number="363" hits="1"/>
						<line number="366" hits="1"/>
						<line number="369" hits="1"/>
						<line number="372" hits="1"/>
						<line number="383" hits="1"/>
						<line number="386" hits="1"/>
						<line number="387" hits="1"/>
						<line number="391" hits="1"/>
						<line number="394" hits="1"/>
						<line number="397" hits="1"/>
						<line number="407" hits="1"/>
						<line number="410" hits="1"/>
						<line number="413" hits="1"/>
						<line number="417" hits="1"/>
						<line number="420" hits="1"/>
						<line number="424" hits="1"/>
						<line number="427" hits="1"/>
						<line number="437" hits="1"/>
						<line number="440" hits="1"/>
						<line number="441" hits="1"/>
						<line number="442" hits="1"/>
						<line number="443" hits="1"/>
						<line number="444" hits="1"/>
						<line number="445" hits="1"/>
						<line number="448" hits="1"/>
						<line number="451" hits="1"/>
						<line number="455" hits="1"/>
						<line number="465" hits="1"/>
						<line number="476" hits="1"/>
						<line number="479" hits="1"/>
						<line number="482" hits="1"/>
						<line number="485" hits="1"/>
						<line number="489" hits="1"/>
						<line number="492" hits="1"/>
						<line number="498" hits="1"/>
						<line number="503" hits="1"/>
						<line number="508" hits="1"/>
						<line number="514" hits="1"/>
						<line number="519" hits="1"/>
						<line number="522" hits="1"/>
						<line number="527" hits="1"/>
						<line number="530" hits="1"/>
						<line number="536" hits="1"/>
						<line number="542" hits="1"/>
						<line number="548" hits="1"/>
						<line number="551" hits="1"/>
						<line number="557" hits="1"/>
						<line number="563" hits="1"/>
						<line number="569" hits="1"/>
						<line number="575" hits="1"/>
						<line number="581" hits="1"/>
						<line number="587" hits="1"/>
						<line number="590" hits="1"/>
						<line number="594" hits="1"/>
						<line number="597" hits="1"/>
						<line number="602" hits="1"/>
						<line number="603" hits="1"/>
						<line number="608" hits="1"/>
						<line number="609" hits="1"/>
						<line number="624" hits="1"/>
						<line number="627" hits="1"/>
						<line number="628" hits="1"/>
						<line number="629" hits="1"/>
						<line number="632" hits="1"/>
						<line number="633" hits="1"/>
						<line number="634" hits="1"/>
						<line number="635" hits="1"/>
						<line number="636" hits="1"/>
						<line number="637" hits="1"/>
						<line number="640" hits="1"/>
						<line number="641" hits="1"/>
						<line number="644" hits="1"/>
						<line number="645" hits="1"/>
						<line number="646" hits="1"/>
						<line number="647" hits="1"/>
						<line number="650" hits="1"/>
						<line number="651" hits="1"/>
					</lines>
				</class>
			</classes>
		</package>
		<package name="engines" line-rate="0.9098" branch-rate="0" complexity="0">
			<classes>
				<class name="__init__.py" filename="engines/__init__.py" complexity="0" line-rate="1" branch-rate="0">
					<methods/>
					<lines/>
				</class>
				<class name="reflect.py" filename="engines/reflect.py" complexity="0" line-rate="0.9098" branch-rate="0">
					<methods/>
					<lines>
						<line number="23" hits="1"/>
						<line number="25" hits="1"/>
						<line number="26" hits="1"/>
						<line number="27" hits="1"/>
						<line number="28" hits="1"/>
						<line number="29" hits="1"/>
						<line number="31" hits="1"/>
						<line number="37" hits="1"/>
						<line number="38" hits="1"/>
						<line number="42" hits="1"/>
						<line number="43" hits="1"/>
						<line number="48" hits="1"/>
						<line number="49" hits="1"/>
						<line number="56" hits="1"/>
						<line number="57" hits="1"/>
						<line number="62" hits="1"/>
						<line number="63" hits="1"/>
						<line number="73" hits="1"/>
						<line number="74" hits="1"/>
						<line number="77" hits="1"/>
						<line number="82" hits="1"/>
						<line number="83" hits="0"/>
						<line number="84" hits="1"/>
						<line number="85" hits="1"/>
						<line number="86" hits="1"/>
						<line number="87" hits="1"/>
						<line number="88" hits="1"/>
						<line number="89" hits="0"/>
						<line number="90" hits="1"/>
						<line number="91" hits="1"/>
						<line number="92" hits="1"/>
						<line number="93" hits="1"/>
						<line number="94" hits="0"/>
						<line number="95" hits="1"/>
						<line number="96" hits="0"/>
						<line number="97" hits="0"/>
						<line number="98" hits="0"/>
						<line number="101" hits="1"/>
						<line number="107" hits="1"/>
						<line number="108" hits="1"/>
						<line number="111" hits="1"/>
						<line number="112" hits="1"/>
						<line number="115" hits="1"/>
						<line number="116" hits="1"/>
						<line number="117" hits="1"/>
						<line number="120" hits="1"/>
						<line number="121" hits="1"/>
						<line number="125" hits="1"/>
						<line number="126" hits="0"/>
						<line number="129" hits="1"/>
						<line number="132" hits="1"/>
						<line number="137" hits="1"/>
						<line number="138" hits="1"/>
						<line number="140" hits="1"/>
						<line number="141" hits="1"/>
						<line number="142" hits="1"/>
						<line number="144" hits="1"/>
						<line number="145" hits="1"/>
						<line number="147" hits="1"/>
						<line number="148" hits="1"/>
						<line number="149" hits="1"/>
						<line number="151" hits="1"/>
						<line number="154" hits="1"/>
						<line number="160" hits="1"/>
						<line number="163" hits="1"/>
						<line number="169" hits="1"/>
						<line number="174" hits="1"/>
						<line number="181" hits="1"/>
						<line number="197" hits="1"/>
						<line number="211" hits="1"/>
						<line number="220" hits="1"/>
						<line number="229" hits="1"/>
						<line number="230" hits="0"/>
						<line number="232" hits="1"/>
						<line number="233" hits="1"/>
						<line number="234" hits="1"/>
						<line number="235" hits="1"/>
						<line number="236" hits="1"/>
						<line number="241" hits="1"/>
						<line number="247" hits="1"/>
						<line number="266" hits="1"/>
						<line number="267" hits="1"/>
						<line number="268" hits="1"/>
						<line number="269" hits="1"/>
						<line number="271" hits="1"/>
						<line number="272" hits="1"/>
						<line number="273" hits="1"/>
						<line number="274" hits="1"/>
						<line number="277" hits="1"/>
						<line number="278" hits="1"/>
						<line number="279" hits="1"/>
						<line number="282" hits="1"/>
						<line number="284" hits="1"/>
						<line number="285" hits="0"/>
						<line number="288" hits="1"/>
						<line number="289" hits="1"/>
						<line number="290" hits="1"/>
						<line number="292" hits="1"/>
						<line number="296" hits="1"/>
						<line number="297" hits="1"/>
						<line number="298" hits="1"/>
						<line number="299" hits="1"/>
						<line number="300" hits="1"/>
						<line number="301" hits="1"/>
						<line number="304" hits="1"/>
						<line number="307" hits="1"/>
						<line number="329" hits="1"/>
						<line number="352" hits="1"/>
						<line number="353" hits="0"/>
						<line number="355" hits="1"/>
						<line number="356" hits="1"/>
						<line number="357" hits="1"/>
						<line number="358" hits="1"/>
						<line number="359" hits="1"/>
						<line number="360" hits="1"/>
						<line number="361" hits="1"/>
						<line number="362" hits="0"/>
						<line number="363" hits="1"/>
						<line number="364" hits="1"/>
						<line number="365" hits="1"/>
						<line number="366" hits="1"/>
						<line number="367" hits="1"/>
					</lines>
				</class>
			</classes>
		</package>
		<package name="tests" line-rate="0.9635" branch-rate="0" complexity="0">
			<classes>
				<class name="test_metabolic_contract.py" filename="tests/test_metabolic_contract.py" complexity="0" line-rate="0.9521" branch-rate="0">
					<methods/>
					<lines>
						<line number="11" hits="1"/>
						<line number="12" hits="1"/>
						<line number="15" hits="1"/>
						<line number="17" hits="1"/>
						<line number="26" hits="1"/>
						<line number="38" hits="1"/>
						<line number="40" hits="1"/>
						<line number="41" hits="1"/>
						<line number="42" hits="1"/>
						<line number="43" hits="1"/>
						<line number="44" hits="1"/>
						<line number="47" hits="1"/>
						<line number="49" hits="1"/>
						<line number="50" hits="1"/>
						<line number="51" hits="1"/>
						<line number="52" hits="1"/>
						<line number="53" hits="1"/>
						<line number="54" hits="1"/>
						<line number="55" hits="1"/>
						<line number="58" hits="1"/>
						<line number="60" hits="1"/>
						<line number="61" hits="1"/>
						<line number="62" hits="1"/>
						<line number="63" hits="1"/>
						<line number="64" hits="1"/>
						<line number="65" hits="1"/>
						<line number="66" hits="1"/>
						<line number="69" hits="1"/>
						<line number="71" hits="1"/>
						<line number="74" hits="1"/>
						<line number="76" hits="1"/>
						<line number="77" hits="1"/>
						<line number="78" hits="1"/>
						<line number="84" hits="1"/>
						<line number="85" hits="1"/>
						<line number="88" hits="1"/>
						<line number="89" hits="1"/>
						<line number="92" hits="1"/>
						<line number="93" hits="1"/>
						<line number="96" hits="1"/>
						<line number="97" hits="1"/>
						<line number="103" hits="1"/>
						<line number="105" hits="1"/>
						<line number="107" hits="1"/>
						<line number="110" hits="1"/>
						<line number="113" hits="1"/>
						<line number="123" hits="1"/>
						<line number="126" hits="1"/>
						<line number="127" hits="1"/>
						<line number="128" hits="1"/>
						<line number="135" hits="1"/>
						<line number="137" hits="1"/>
						<line number="147" hits="1"/>
						<line number="150" hits="1"/>
						<line number="153" hits="1"/>
						<line number="155" hits="1"/>
						<line number="160" hits="1"/>
						<line number="163" hits="1"/>
						<line number="166" hits="1"/>
						<line number="168" hits="1"/>
						<line number="178" hits="1"/>
						<line number="181" hits="1"/>
						<line number="184" hits="1"/>
						<line number="186" hits="1"/>
						<line number="196" hits="1"/>
						<line number="199" hits="1"/>
						<line number="202" hits="1"/>
						<line number="204" hits="1"/>
						<line number="209" hits="1"/>
						<line number="212" hits="1"/>
						<line number="215" hits="1"/>
						<line number="217" hits="1"/>
						<line number="222" hits="1"/>
						<line number="225" hits="1"/>
						<line number="231" hits="1"/>
						<line number="233" hits="1"/>
						<line number="234" hits="1"/>
						<line number="244" hits="1"/>
						<line number="247" hits="1"/>
						<line number="248" hits="1"/>
						<line number="253" hits="1"/>
						<line number="255" hits="1"/>
						<line number="265" hits="1"/>
						<line number="268" hits="1"/>
						<line number="271" hits="1"/>
						<line number="273" hits="1"/>
						<line number="283" hits="1"/>
						<line number="286" hits="1"/>
						<line number="289" hits="1"/>
						<line number="291" hits="1"/>
						<line number="301" hits="1"/>
						<line number="304" hits="1"/>
						<line number="307" hits="1"/>
						<line number="310" hits="1"/>
						<line number="315" hits="1"/>
						<line number="318" hits="1"/>
						<line number="321" hits="1"/>
						<line number="326" hits="1"/>
						<line number="329" hits="1"/>
						<line number="335" hits="1"/>
						<line number="337" hits="1"/>
						<line number="347" hits="1"/>
						<line number="350" hits="1"/>
						<line number="351" hits="1"/>
						<line number="352" hits="1"/>
						<line number="355" hits="1"/>
						<line number="357" hits="1"/>
						<line number="367" hits="1"/>
						<line number="370" hits="1"/>
						<line number="373" hits="1"/>
						<line number="375" hits="1"/>
						<line number="380" hits="1"/>
						<line number="383" hits="1"/>
						<line number="389" hits="1"/>
						<line number="391" hits="1"/>
						<line number="401" hits="1"/>
						<line number="404" hits="1"/>
						<line number="405" hits="1"/>
						<line number="408" hits="1"/>
						<line number="410" hits="1"/>
						<line number="420" hits="1"/>
						<line number="423" hits="1"/>
						<line number="426" hits="1"/>
						<line number="428" hits="1"/>
						<line number="438" hits="1"/>
						<line number="441" hits="1"/>
						<line number="444" hits="1"/>
						<line number="446" hits="1"/>
						<line number="451" hits="1"/>
						<line number="454" hits="1"/>
						<line number="460" hits="1"/>
						<line number="462" hits="1"/>
						<line number="472" hits="1"/>
						<line number="475" hits="1"/>
						<line number="478" hits="1"/>
						<line number="480" hits="1"/>
						<line number="490" hits="1"/>
						<line number="493" hits="1"/>
						<line number="499" hits="1"/>
						<line number="501" hits="1"/>
						<line number="511" hits="1"/>
						<line number="514" hits="1"/>
						<line number="517" hits="1"/>
						<line number="519" hits="1"/>
						<line number="529" hits="1"/>
						<line number="532" hits="1"/>
						<line number="538" hits="1"/>
						<line number="540" hits="1"/>
						<line number="550" hits="1"/>
						<line number="553" hits="1"/>
						<line number="554" hits="1"/>
						<line number="555" hits="1"/>
						<line number="556" hits="1"/>
						<line number="559" hits="1"/>
						<line number="561" hits="1"/>
						<line number="571" hits="1"/>
						<line number="575" hits="1"/>
						<line number="576" hits="1"/>
						<line number="582" hits="1"/>
						<line number="584" hits="0"/>
						<line number="585" hits="0"/>
						<line number="586" hits="0"/>
						<line number="587" hits="0"/>
						<line number="588" hits="0"/>
						<line number="589" hits="0"/>
						<line number="590" hits="0"/>
						<line number="591" hits="0"/>
					</lines>
				</class>
				<class name="test_reflect_only_boundary.py" filename="tests/test_reflect_only_boundary.py" complexity="0" line-rate="0.9813" branch-rate="0">
					<methods/>
					<lines>
						<line number="13" hits="1"/>
						<line number="15" hits="1"/>
						<line number="16" hits="1"/>
						<line number="17" hits="1"/>
						<line number="18" hits="1"/>
						<line number="20" hits="1"/>
						<line number="21" hits="1"/>
						<line number="22" hits="1"/>
						<line number="24" hits="1"/>
						<line number="43" hits="1"/>
						<line number="50" hits="1"/>
						<line number="58" hits="1"/>
						<line number="59" hits="1"/>
						<line number="60" hits="1"/>
						<line number="61" hits="1"/>
						<line number="62" hits="1"/>
						<line number="63" hits="1"/>
						<line number="64" hits="1"/>
						<line number="70" hits="1"/>
						<line number="76" hits="1"/>
						<line number="77" hits="1"/>
						<line number="78" hits="1"/>
						<line number="79" hits="1"/>
						<line number="81" hits="1"/>
						<line number="87" hits="1"/>
						<line number="96" hits="1"/>
						<line number="97" hits="1"/>
						<line number="98" hits="1"/>
						<line number="99" hits="1"/>
						<line number="100" hits="1"/>
						<line number="102" hits="1"/>
						<line number="108" hits="1"/>
						<line number="114" hits="1"/>
						<line number="117" hits="1"/>
						<line number="118" hits="1"/>
						<line number="121" hits="1"/>
						<line number="122" hits="1"/>
						<line number="125" hits="1"/>
						<line number="126" hits="1"/>
						<line number="129" hits="1"/>
						<line number="130" hits="1"/>
						<line number="131" hits="1"/>
						<line number="132" hits="1"/>
						<line number="138" hits="1"/>
						<line number="143" hits="1"/>
						<line number="145" hits="1"/>
						<line number="150" hits="1"/>
						<line number="152" hits="1"/>
						<line number="153" hits="1"/>
						<line number="154" hits="1"/>
						<line number="155" hits="1"/>
						<line number="158" hits="1"/>
						<line number="163" hits="1"/>
						<line number="169" hits="1"/>
						<line number="176" hits="1"/>
						<line number="177" hits="1"/>
						<line number="178" hits="1"/>
						<line number="185" hits="1"/>
						<line number="187" hits="1"/>
						<line number="188" hits="1"/>
						<line number="189" hits="1"/>
						<line number="191" hits="1"/>
						<line number="192" hits="1"/>
						<line number="193" hits="1"/>
						<line number="194" hits="1"/>
						<line number="200" hits="1"/>
						<line number="206" hits="1"/>
						<line number="207" hits="1"/>
						<line number="208" hits="1"/>
						<line number="216" hits="1"/>
						<line number="218" hits="1"/>
						<line number="219" hits="1"/>
						<line number="220" hits="1"/>
						<line number="223" hits="1"/>
						<line number="224" hits="1"/>
						<line number="225" hits="1"/>
						<line number="226" hits="1"/>
						<line number="232" hits="1"/>
						<line number="237" hits="1"/>
						<line number="238" hits="1"/>
						<line number="239" hits="1"/>
						<line number="241" hits="1"/>
						<line number="242" hits="1"/>
						<line number="243" hits="1"/>
						<line number="244" hits="1"/>
						<line number="245" hits="1"/>
						<line number="246" hits="1"/>
						<line number="252" hits="1"/>
						<line number="258" hits="1"/>
						<line number="260" hits="1"/>
						<line number="261" hits="1"/>
						<line number="262" hits="1"/>
						<line number="263" hits="1"/>
						<line number="268" hits="1"/>
						<line number="269" hits="1"/>
						<line number="270" hits="1"/>
						<line number="271" hits="1"/>
						<line number="277" hits="1"/>
						<line number="283" hits="1"/>
						<line number="284" hits="1"/>
						<line number="285" hits="1"/>
						<line number="286" hits="1"/>
						<line number="287" hits="1"/>
						<line number="288" hits="1"/>
						<line number="291" hits="1"/>
						<line number="292" hits="0"/>
						<line number="294" hits="0"/>
					</lines>
				</class>
			</classes>
		</package>
	</packages>
</coverage>
